[2022-12-22 21:29:39] production.ERROR: SQLSTATE[23000]: Integrity constraint violation: 1052 Column 'id' in order clause is ambiguous (SQL: select `prb_planlar`.`company_id`, `prb_planlar`.`date`, `prb_planlar`.`tutar`, `prb_planlar`.`json`, `prb_planlar`.`durum` from `prb_planlar` inner join `prb_user_companies` on `prb_planlar`.`company_id` = `prb_user_companies`.`company_id` inner join `prb_users` on `prb_user_companies`.`user_id` = `prb_users`.`id` where `durum` <> Ödeme Bekliyor order by `id` desc) (View: /home/pgutrunc/app.parabol.truncgil.com/resources/views/ext/gelen-odemeler.blade.php) (View: /home/pgutrunc/app.parabol.truncgil.com/resources/views/ext/gelen-odemeler.blade.php) {"userId":1,"exception":"[object] (Illuminate\\View\\ViewException(code: 0): SQLSTATE[23000]: Integrity constraint violation: 1052 Column 'id' in order clause is ambiguous (SQL: select `prb_planlar`.`company_id`, `prb_planlar`.`date`, `prb_planlar`.`tutar`, `prb_planlar`.`json`, `prb_planlar`.`durum` from `prb_planlar` inner join `prb_user_companies` on `prb_planlar`.`company_id` = `prb_user_companies`.`company_id` inner join `prb_users` on `prb_user_companies`.`user_id` = `prb_users`.`id` where `durum` <> Ödeme Bekliyor order by `id` desc) (View: /home/pgutrunc/app.parabol.truncgil.com/resources/views/ext/gelen-odemeler.blade.php) (View: /home/pgutrunc/app.parabol.truncgil.com/resources/views/ext/gelen-odemeler.blade.php) at /home/pgutrunc/app.parabol.truncgil.com/vendor/laravel/framework/src/Illuminate/Database/Connection.php:692)
[stacktrace]
#0 /home/pgutrunc/app.parabol.truncgil.com/vendor/livewire/livewire/src/ComponentConcerns/RendersLivewireComponents.php(73): Illuminate\\View\\Engines\\CompilerEngine->handleViewException(Object(Illuminate\\View\\ViewException), 0)
#1 /home/pgutrunc/app.parabol.truncgil.com/vendor/laravel/framework/src/Illuminate/View/Engines/PhpEngine.php(60): Livewire\\LivewireViewCompilerEngine->handleViewException(Object(Illuminate\\View\\ViewException), 0)
#2 /home/pgutrunc/app.parabol.truncgil.com/vendor/livewire/livewire/src/ComponentConcerns/RendersLivewireComponents.php(37): Illuminate\\View\\Engines\\PhpEngine->evaluatePath('/home/pgutrunc/...', Array)
#3 /home/pgutrunc/app.parabol.truncgil.com/vendor/laravel/framework/src/Illuminate/View/Engines/CompilerEngine.php(61): Livewire\\LivewireViewCompilerEngine->evaluatePath('/home/pgutrunc/...', Array)
#4 /home/pgutrunc/app.parabol.truncgil.com/vendor/laravel/framework/src/Illuminate/View/View.php(139): Illuminate\\View\\Engines\\CompilerEngine->get('/home/pgutrunc/...', Array)
#5 /home/pgutrunc/app.parabol.truncgil.com/vendor/laravel/framework/src/Illuminate/View/View.php(122): Illuminate\\View\\View->getContents()
#6 /home/pgutrunc/app.parabol.truncgil.com/vendor/laravel/framework/src/Illuminate/View/View.php(91): Illuminate\\View\\View->renderContents()
#7 /home/pgutrunc/app.parabol.truncgil.com/vendor/laravel/framework/src/Illuminate/Http/Response.php(69): Illuminate\\View\\View->render()
#8 /home/pgutrunc/app.parabol.truncgil.com/vendor/laravel/framework/src/Illuminate/Http/Response.php(35): Illuminate\\Http\\Response->setContent(Object(Illuminate\\View\\View))
#9 /home/pgutrunc/app.parabol.truncgil.com/vendor/laravel/framework/src/Illuminate/Routing/Router.php(794): Illuminate\\Http\\Response->__construct(Object(Illuminate\\View\\View), 200, Array)
#10 /home/pgutrunc/app.parabol.truncgil.com/vendor/laravel/framework/src/Illuminate/Routing/Router.php(763): Illuminate\\Routing\\Router::toResponse(Object(Illuminate\\Http\\Request), Object(Illuminate\\View\\View))
#11 /home/pgutrunc/app.parabol.truncgil.com/vendor/laravel/framework/src/Illuminate/Routing/Router.php(695): Illuminate\\Routing\\Router->prepareResponse(Object(Illuminate\\Http\\Request), Object(Illuminate\\View\\View))
#12 /home/pgutrunc/app.parabol.truncgil.com/vendor/laravel/framework/src/Illuminate/Pipeline/Pipeline.php(128): Illuminate\\Routing\\Router->Illuminate\\Routing\\{closure}(Object(Illuminate\\Http\\Request))
#13 /home/pgutrunc/app.parabol.truncgil.com/vendor/santigarcor/laratrust/src/Middleware/LaratrustPermission.php(25): Illuminate\\Pipeline\\Pipeline->Illuminate\\Pipeline\\{closure}(Object(Illuminate\\Http\\Request))
#14 /home/pgutrunc/app.parabol.truncgil.com/vendor/laravel/framework/src/Illuminate/Pipeline/Pipeline.php(167): Laratrust\\Middleware\\LaratrustPermission->handle(Object(Illuminate\\Http\\Request), Object(Closure), 'read-admin-pane...')
#15 /home/pgutrunc/app.parabol.truncgil.com/app/Http/Middleware/AdminMenu.php(30): Illuminate\\Pipeline\\Pipeline->Illuminate\\Pipeline\\{closure}(Object(Illuminate\\Http\\Request))
#16 /home/pgutrunc/app.parabol.truncgil.com/vendor/laravel/framework/src/Illuminate/Pipeline/Pipeline.php(167): App\\Http\\Middleware\\AdminMenu->handle(Object(Illuminate\\Http\\Request), Object(Closure))
#17 /home/pgutrunc/app.parabol.truncgil.com/app/Http/Middleware/RedirectIfWizardNotCompleted.php(20): Illuminate\\Pipeline\\Pipeline->Illuminate\\Pipeline\\{closure}(Object(Illuminate\\Http\\Request))
#18 /home/pgutrunc/app.parabol.truncgil.com/vendor/laravel/framework/src/Illuminate/Pipeline/Pipeline.php(167): App\\Http\\Middleware\\RedirectIfWizardNotCompleted->handle(Object(Illuminate\\Http\\Request), Object(Closure))
#19 /home/pgutrunc/app.parabol.truncgil.com/vendor/laravel/framework/src/Illuminate/Routing/Middleware/SubstituteBindings.php(50): Illuminate\\Pipeline\\Pipeline->Illuminate\\Pipeline\\{closure}(Object(Illuminate\\Http\\Request))
#20 /home/pgutrunc/app.parabol.truncgil.com/vendor/laravel/framework/src/Illuminate/Pipeline/Pipeline.php(167): Illuminate\\Routing\\Middleware\\SubstituteBindings->handle(Object(Illuminate\\Http\\Request), Object(Closure))
#21 /home/pgutrunc/app.parabol.truncgil.com/app/Http/Middleware/IdentifyCompany.php(48): Illuminate\\Pipeline\\Pipeline->Illuminate\\Pipeline\\{closure}(Object(Illuminate\\Http\\Request))
#22 /home/pgutrunc/app.parabol.truncgil.com/vendor/laravel/framework/src/Illuminate/Pipeline/Pipeline.php(167): App\\Http\\Middleware\\IdentifyCompany->handle(Object(Illuminate\\Http\\Request), Object(Closure))
#23 /home/pgutrunc/app.parabol.truncgil.com/app/Http/Middleware/LogoutIfUserDisabled.php(21): Illuminate\\Pipeline\\Pipeline->Illuminate\\Pipeline\\{closure}(Object(Illuminate\\Http\\Request))
#24 /home/pgutrunc/app.parabol.truncgil.com/vendor/laravel/framework/src/Illuminate/Pipeline/Pipeline.php(167): App\\Http\\Middleware\\LogoutIfUserDisabled->handle(Object(Illuminate\\Http\\Request), Object(Closure))
#25 /home/pgutrunc/app.parabol.truncgil.com/vendor/laravel/framework/src/Illuminate/Auth/Middleware/Authenticate.php(44): Illuminate\\Pipeline\\Pipeline->Illuminate\\Pipeline\\{closure}(Object(Illuminate\\Http\\Request))
#26 /home/pgutrunc/app.parabol.truncgil.com/vendor/laravel/framework/src/Illuminate/Pipeline/Pipeline.php(167): Illuminate\\Auth\\Middleware\\Authenticate->handle(Object(Illuminate\\Http\\Request), Object(Closure))
#27 /home/pgutrunc/app.parabol.truncgil.com/vendor/akaunting/laravel-firewall/src/Abstracts/Middleware.php(29): Illuminate\\Pipeline\\Pipeline->Illuminate\\Pipeline\\{closure}(Object(Illuminate\\Http\\Request))
#28 /home/pgutrunc/app.parabol.truncgil.com/vendor/laravel/framework/src/Illuminate/Pipeline/Pipeline.php(167): Akaunting\\Firewall\\Abstracts\\Middleware->handle(Object(Illuminate\\Http\\Request), Object(Closure))
#29 /home/pgutrunc/app.parabol.truncgil.com/vendor/akaunting/laravel-firewall/src/Abstracts/Middleware.php(29): Illuminate\\Pipeline\\Pipeline->Illuminate\\Pipeline\\{closure}(Object(Illuminate\\Http\\Request))
#30 /home/pgutrunc/app.parabol.truncgil.com/vendor/laravel/framework/src/Illuminate/Pipeline/Pipeline.php(167): Akaunting\\Firewall\\Abstracts\\Middleware->handle(Object(Illuminate\\Http\\Request), Object(Closure))
#31 /home/pgutrunc/app.parabol.truncgil.com/vendor/akaunting/laravel-firewall/src/Abstracts/Middleware.php(36): Illuminate\\Pipeline\\Pipeline->Illuminate\\Pipeline\\{closure}(Object(Illuminate\\Http\\Request))
#32 /home/pgutrunc/app.parabol.truncgil.com/vendor/laravel/framework/src/Illuminate/Pipeline/Pipeline.php(167): Akaunting\\Firewall\\Abstracts\\Middleware->handle(Object(Illuminate\\Http\\Request), Object(Closure))
#33 /home/pgutrunc/app.parabol.truncgil.com/vendor/akaunting/laravel-firewall/src/Abstracts/Middleware.php(36): Illuminate\\Pipeline\\Pipeline->Illuminate\\Pipeline\\{closure}(Object(Illuminate\\Http\\Request))
#34 /home/pgutrunc/app.parabol.truncgil.com/vendor/laravel/framework/src/Illuminate/Pipeline/Pipeline.php(167): Akaunting\\Firewall\\Abstracts\\Middleware->handle(Object(Illuminate\\Http\\Request), Object(Closure))
#35 /home/pgutrunc/app.parabol.truncgil.com/vendor/akaunting/laravel-firewall/src/Abstracts/Middleware.php(36): Illuminate\\Pipeline\\Pipeline->Illuminate\\Pipeline\\{closure}(Object(Illuminate\\Http\\Request))
#36 /home/pgutrunc/app.parabol.truncgil.com/vendor/laravel/framework/src/Illuminate/Pipeline/Pipeline.php(167): Akaunting\\Firewall\\Abstracts\\Middleware->handle(Object(Illuminate\\Http\\Request), Object(Closure))
#37 /home/pgutrunc/app.parabol.truncgil.com/vendor/akaunting/laravel-firewall/src/Abstracts/Middleware.php(36): Illuminate\\Pipeline\\Pipeline->Illuminate\\Pipeline\\{closure}(Object(Illuminate\\Http\\Request))
#38 /home/pgutrunc/app.parabol.truncgil.com/vendor/laravel/framework/src/Illuminate/Pipeline/Pipeline.php(167): Akaunting\\Firewall\\Abstracts\\Middleware->handle(Object(Illuminate\\Http\\Request), Object(Closure))
#39 /home/pgutrunc/app.parabol.truncgil.com/vendor/akaunting/laravel-firewall/src/Abstracts/Middleware.php(36): Illuminate\\Pipeline\\Pipeline->Illuminate\\Pipeline\\{closure}(Object(Illuminate\\Http\\Request))
#40 /home/pgutrunc/app.parabol.truncgil.com/vendor/laravel/framework/src/Illuminate/Pipeline/Pipeline.php(167): Akaunting\\Firewall\\Abstracts\\Middleware->handle(Object(Illuminate\\Http\\Request), Object(Closure))
#41 /home/pgutrunc/app.parabol.truncgil.com/vendor/akaunting/laravel-firewall/src/Abstracts/Middleware.php(36): Illuminate\\Pipeline\\Pipeline->Illuminate\\Pipeline\\{closure}(Object(Illuminate\\Http\\Request))
#42 /home/pgutrunc/app.parabol.truncgil.com/vendor/laravel/framework/src/Illuminate/Pipeline/Pipeline.php(167): Akaunting\\Firewall\\Abstracts\\Middleware->handle(Object(Illuminate\\Http\\Request), Object(Closure))
#43 /home/pgutrunc/app.parabol.truncgil.com/vendor/akaunting/laravel-firewall/src/Abstracts/Middleware.php(36): Illuminate\\Pipeline\\Pipeline->Illuminate\\Pipeline\\{closure}(Object(Illuminate\\Http\\Request))
#44 /home/pgutrunc/app.parabol.truncgil.com/vendor/laravel/framework/src/Illuminate/Pipeline/Pipeline.php(167): Akaunting\\Firewall\\Abstracts\\Middleware->handle(Object(Illuminate\\Http\\Request), Object(Closure))
#45 /home/pgutrunc/app.parabol.truncgil.com/vendor/akaunting/laravel-firewall/src/Abstracts/Middleware.php(36): Illuminate\\Pipeline\\Pipeline->Illuminate\\Pipeline\\{closure}(Object(Illuminate\\Http\\Request))
#46 /home/pgutrunc/app.parabol.truncgil.com/vendor/laravel/framework/src/Illuminate/Pipeline/Pipeline.php(167): Akaunting\\Firewall\\Abstracts\\Middleware->handle(Object(Illuminate\\Http\\Request), Object(Closure))
#47 /home/pgutrunc/app.parabol.truncgil.com/vendor/akaunting/laravel-firewall/src/Abstracts/Middleware.php(36): Illuminate\\Pipeline\\Pipeline->Illuminate\\Pipeline\\{closure}(Object(Illuminate\\Http\\Request))
#48 /home/pgutrunc/app.parabol.truncgil.com/vendor/laravel/framework/src/Illuminate/Pipeline/Pipeline.php(167): Akaunting\\Firewall\\Abstracts\\Middleware->handle(Object(Illuminate\\Http\\Request), Object(Closure))
#49 /home/pgutrunc/app.parabol.truncgil.com/vendor/akaunting/laravel-language/src/Middleware/SetLocale.php(95): Illuminate\\Pipeline\\Pipeline->Illuminate\\Pipeline\\{closure}(Object(Illuminate\\Http\\Request))
#50 /home/pgutrunc/app.parabol.truncgil.com/vendor/laravel/framework/src/Illuminate/Pipeline/Pipeline.php(167): Akaunting\\Language\\Middleware\\SetLocale->handle(Object(Illuminate\\Http\\Request), Object(Closure))
#51 /home/pgutrunc/app.parabol.truncgil.com/app/Http/Middleware/AddXHeader.php(18): Illuminate\\Pipeline\\Pipeline->Illuminate\\Pipeline\\{closure}(Object(Illuminate\\Http\\Request))
#52 /home/pgutrunc/app.parabol.truncgil.com/vendor/laravel/framework/src/Illuminate/Pipeline/Pipeline.php(167): App\\Http\\Middleware\\AddXHeader->handle(Object(Illuminate\\Http\\Request), Object(Closure))
#53 /home/pgutrunc/app.parabol.truncgil.com/app/Http/Middleware/RedirectIfNotInstalled.php(20): Illuminate\\Pipeline\\Pipeline->Illuminate\\Pipeline\\{closure}(Object(Illuminate\\Http\\Request))
#54 /home/pgutrunc/app.parabol.truncgil.com/vendor/laravel/framework/src/Illuminate/Pipeline/Pipeline.php(167): App\\Http\\Middleware\\RedirectIfNotInstalled->handle(Object(Illuminate\\Http\\Request), Object(Closure))
#55 /home/pgutrunc/app.parabol.truncgil.com/vendor/laravel/framework/src/Illuminate/Foundation/Http/Middleware/VerifyCsrfToken.php(78): Illuminate\\Pipeline\\Pipeline->Illuminate\\Pipeline\\{closure}(Object(Illuminate\\Http\\Request))
#56 /home/pgutrunc/app.parabol.truncgil.com/vendor/laravel/framework/src/Illuminate/Pipeline/Pipeline.php(167): Illuminate\\Foundation\\Http\\Middleware\\VerifyCsrfToken->handle(Object(Illuminate\\Http\\Request), Object(Closure))
#57 /home/pgutrunc/app.parabol.truncgil.com/vendor/laravel/framework/src/Illuminate/View/Middleware/ShareErrorsFromSession.php(49): Illuminate\\Pipeline\\Pipeline->Illuminate\\Pipeline\\{closure}(Object(Illuminate\\Http\\Request))
#58 /home/pgutrunc/app.parabol.truncgil.com/vendor/laravel/framework/src/Illuminate/Pipeline/Pipeline.php(167): Illuminate\\View\\Middleware\\ShareErrorsFromSession->handle(Object(Illuminate\\Http\\Request), Object(Closure))
#59 /home/pgutrunc/app.parabol.truncgil.com/vendor/laravel/framework/src/Illuminate/Session/Middleware/StartSession.php(121): Illuminate\\Pipeline\\Pipeline->Illuminate\\Pipeline\\{closure}(Object(Illuminate\\Http\\Request))
#60 /home/pgutrunc/app.parabol.truncgil.com/vendor/laravel/framework/src/Illuminate/Session/Middleware/StartSession.php(64): Illuminate\\Session\\Middleware\\StartSession->handleStatefulRequest(Object(Illuminate\\Http\\Request), Object(Illuminate\\Session\\Store), Object(Closure))
#61 /home/pgutrunc/app.parabol.truncgil.com/vendor/laravel/framework/src/Illuminate/Pipeline/Pipeline.php(167): Illuminate\\Session\\Middleware\\StartSession->handle(Object(Illuminate\\Http\\Request), Object(Closure))
#62 /home/pgutrunc/app.parabol.truncgil.com/vendor/laravel/framework/src/Illuminate/Cookie/Middleware/AddQueuedCookiesToResponse.php(37): Illuminate\\Pipeline\\Pipeline->Illuminate\\Pipeline\\{closure}(Object(Illuminate\\Http\\Request))
#63 /home/pgutrunc/app.parabol.truncgil.com/vendor/laravel/framework/src/Illuminate/Pipeline/Pipeline.php(167): Illuminate\\Cookie\\Middleware\\AddQueuedCookiesToResponse->handle(Object(Illuminate\\Http\\Request), Object(Closure))
#64 /home/pgutrunc/app.parabol.truncgil.com/vendor/laravel/framework/src/Illuminate/Cookie/Middleware/EncryptCookies.php(67): Illuminate\\Pipeline\\Pipeline->Illuminate\\Pipeline\\{closure}(Object(Illuminate\\Http\\Request))
#65 /home/pgutrunc/app.parabol.truncgil.com/vendor/laravel/framework/src/Illuminate/Pipeline/Pipeline.php(167): Illuminate\\Cookie\\Middleware\\EncryptCookies->handle(Object(Illuminate\\Http\\Request), Object(Closure))
#66 /home/pgutrunc/app.parabol.truncgil.com/vendor/laravel/framework/src/Illuminate/Pipeline/Pipeline.php(103): Illuminate\\Pipeline\\Pipeline->Illuminate\\Pipeline\\{closure}(Object(Illuminate\\Http\\Request))
#67 /home/pgutrunc/app.parabol.truncgil.com/vendor/laravel/framework/src/Illuminate/Routing/Router.php(697): Illuminate\\Pipeline\\Pipeline->then(Object(Closure))
#68 /home/pgutrunc/app.parabol.truncgil.com/vendor/laravel/framework/src/Illuminate/Routing/Router.php(672): Illuminate\\Routing\\Router->runRouteWithinStack(Object(Illuminate\\Routing\\Route), Object(Illuminate\\Http\\Request))
#69 /home/pgutrunc/app.parabol.truncgil.com/vendor/laravel/framework/src/Illuminate/Routing/Router.php(636): Illuminate\\Routing\\Router->runRoute(Object(Illuminate\\Http\\Request), Object(Illuminate\\Routing\\Route))
#70 /home/pgutrunc/app.parabol.truncgil.com/vendor/laravel/framework/src/Illuminate/Routing/Router.php(625): Illuminate\\Routing\\Router->dispatchToRoute(Object(Illuminate\\Http\\Request))
#71 /home/pgutrunc/app.parabol.truncgil.com/vendor/laravel/framework/src/Illuminate/Foundation/Http/Kernel.php(166): Illuminate\\Routing\\Router->dispatch(Object(Illuminate\\Http\\Request))
#72 /home/pgutrunc/app.parabol.truncgil.com/vendor/laravel/framework/src/Illuminate/Pipeline/Pipeline.php(128): Illuminate\\Foundation\\Http\\Kernel->Illuminate\\Foundation\\Http\\{closure}(Object(Illuminate\\Http\\Request))
#73 /home/pgutrunc/app.parabol.truncgil.com/vendor/barryvdh/laravel-debugbar/src/Middleware/InjectDebugbar.php(60): Illuminate\\Pipeline\\Pipeline->Illuminate\\Pipeline\\{closure}(Object(Illuminate\\Http\\Request))
#74 /home/pgutrunc/app.parabol.truncgil.com/vendor/laravel/framework/src/Illuminate/Pipeline/Pipeline.php(167): Barryvdh\\Debugbar\\Middleware\\InjectDebugbar->handle(Object(Illuminate\\Http\\Request), Object(Closure))
#75 /home/pgutrunc/app.parabol.truncgil.com/vendor/laravel/framework/src/Illuminate/Foundation/Http/Middleware/TransformsRequest.php(21): Illuminate\\Pipeline\\Pipeline->Illuminate\\Pipeline\\{closure}(Object(Illuminate\\Http\\Request))
#76 /home/pgutrunc/app.parabol.truncgil.com/vendor/laravel/framework/src/Illuminate/Foundation/Http/Middleware/ConvertEmptyStringsToNull.php(31): Illuminate\\Foundation\\Http\\Middleware\\TransformsRequest->handle(Object(Illuminate\\Http\\Request), Object(Closure))
#77 /home/pgutrunc/app.parabol.truncgil.com/vendor/laravel/framework/src/Illuminate/Pipeline/Pipeline.php(167): Illuminate\\Foundation\\Http\\Middleware\\ConvertEmptyStringsToNull->handle(Object(Illuminate\\Http\\Request), Object(Closure))
#78 /home/pgutrunc/app.parabol.truncgil.com/vendor/laravel/framework/src/Illuminate/Foundation/Http/Middleware/TransformsRequest.php(21): Illuminate\\Pipeline\\Pipeline->Illuminate\\Pipeline\\{closure}(Object(Illuminate\\Http\\Request))
#79 /home/pgutrunc/app.parabol.truncgil.com/vendor/laravel/framework/src/Illuminate/Foundation/Http/Middleware/TrimStrings.php(40): Illuminate\\Foundation\\Http\\Middleware\\TransformsRequest->handle(Object(Illuminate\\Http\\Request), Object(Closure))
#80 /home/pgutrunc/app.parabol.truncgil.com/vendor/laravel/framework/src/Illuminate/Pipeline/Pipeline.php(167): Illuminate\\Foundation\\Http\\Middleware\\TrimStrings->handle(Object(Illuminate\\Http\\Request), Object(Closure))
#81 /home/pgutrunc/app.parabol.truncgil.com/vendor/laravel/framework/src/Illuminate/Foundation/Http/Middleware/ValidatePostSize.php(27): Illuminate\\Pipeline\\Pipeline->Illuminate\\Pipeline\\{closure}(Object(Illuminate\\Http\\Request))
#82 /home/pgutrunc/app.parabol.truncgil.com/vendor/laravel/framework/src/Illuminate/Pipeline/Pipeline.php(167): Illuminate\\Foundation\\Http\\Middleware\\ValidatePostSize->handle(Object(Illuminate\\Http\\Request), Object(Closure))
#83 /home/pgutrunc/app.parabol.truncgil.com/vendor/laravel/framework/src/Illuminate/Foundation/Http/Middleware/PreventRequestsDuringMaintenance.php(86): Illuminate\\Pipeline\\Pipeline->Illuminate\\Pipeline\\{closure}(Object(Illuminate\\Http\\Request))
#84 /home/pgutrunc/app.parabol.truncgil.com/vendor/laravel/framework/src/Illuminate/Pipeline/Pipeline.php(167): Illuminate\\Foundation\\Http\\Middleware\\PreventRequestsDuringMaintenance->handle(Object(Illuminate\\Http\\Request), Object(Closure))
#85 /home/pgutrunc/app.parabol.truncgil.com/vendor/fruitcake/laravel-cors/src/HandleCors.php(38): Illuminate\\Pipeline\\Pipeline->Illuminate\\Pipeline\\{closure}(Object(Illuminate\\Http\\Request))
#86 /home/pgutrunc/app.parabol.truncgil.com/vendor/laravel/framework/src/Illuminate/Pipeline/Pipeline.php(167): Fruitcake\\Cors\\HandleCors->handle(Object(Illuminate\\Http\\Request), Object(Closure))
#87 /home/pgutrunc/app.parabol.truncgil.com/vendor/fideloper/proxy/src/TrustProxies.php(57): Illuminate\\Pipeline\\Pipeline->Illuminate\\Pipeline\\{closure}(Object(Illuminate\\Http\\Request))
#88 /home/pgutrunc/app.parabol.truncgil.com/vendor/laravel/framework/src/Illuminate/Pipeline/Pipeline.php(167): Fideloper\\Proxy\\TrustProxies->handle(Object(Illuminate\\Http\\Request), Object(Closure))
#89 /home/pgutrunc/app.parabol.truncgil.com/vendor/laravel/framework/src/Illuminate/Http/Middleware/TrustHosts.php(48): Illuminate\\Pipeline\\Pipeline->Illuminate\\Pipeline\\{closure}(Object(Illuminate\\Http\\Request))
#90 /home/pgutrunc/app.parabol.truncgil.com/vendor/laravel/framework/src/Illuminate/Pipeline/Pipeline.php(167): Illuminate\\Http\\Middleware\\TrustHosts->handle(Object(Illuminate\\Http\\Request), Object(Closure))
#91 /home/pgutrunc/app.parabol.truncgil.com/vendor/dingo/api/src/Http/Middleware/Request.php(111): Illuminate\\Pipeline\\Pipeline->Illuminate\\Pipeline\\{closure}(Object(Illuminate\\Http\\Request))
#92 /home/pgutrunc/app.parabol.truncgil.com/vendor/laravel/framework/src/Illuminate/Pipeline/Pipeline.php(167): Dingo\\Api\\Http\\Middleware\\Request->handle(Object(Illuminate\\Http\\Request), Object(Closure))
#93 /home/pgutrunc/app.parabol.truncgil.com/vendor/laravel/framework/src/Illuminate/Pipeline/Pipeline.php(103): Illuminate\\Pipeline\\Pipeline->Illuminate\\Pipeline\\{closure}(Object(Illuminate\\Http\\Request))
#94 /home/pgutrunc/app.parabol.truncgil.com/vendor/laravel/framework/src/Illuminate/Foundation/Http/Kernel.php(141): Illuminate\\Pipeline\\Pipeline->then(Object(Closure))
#95 /home/pgutrunc/app.parabol.truncgil.com/vendor/laravel/framework/src/Illuminate/Foundation/Http/Kernel.php(110): Illuminate\\Foundation\\Http\\Kernel->sendRequestThroughRouter(Object(Illuminate\\Http\\Request))
#96 /home/pgutrunc/app.parabol.truncgil.com/index.php(21): Illuminate\\Foundation\\Http\\Kernel->handle(Object(Illuminate\\Http\\Request))
#97 {main}

[previous exception] [object] (Illuminate\\View\\ViewException(code: 0): SQLSTATE[23000]: Integrity constraint violation: 1052 Column 'id' in order clause is ambiguous (SQL: select `prb_planlar`.`company_id`, `prb_planlar`.`date`, `prb_planlar`.`tutar`, `prb_planlar`.`json`, `prb_planlar`.`durum` from `prb_planlar` inner join `prb_user_companies` on `prb_planlar`.`company_id` = `prb_user_companies`.`company_id` inner join `prb_users` on `prb_user_companies`.`user_id` = `prb_users`.`id` where `durum` <> Ödeme Bekliyor order by `id` desc) (View: /home/pgutrunc/app.parabol.truncgil.com/resources/views/ext/gelen-odemeler.blade.php) at /home/pgutrunc/app.parabol.truncgil.com/vendor/laravel/framework/src/Illuminate/Database/Connection.php:692)
[stacktrace]
#0 /home/pgutrunc/app.parabol.truncgil.com/vendor/livewire/livewire/src/ComponentConcerns/RendersLivewireComponents.php(73): Illuminate\\View\\Engines\\CompilerEngine->handleViewException(Object(Illuminate\\Database\\QueryException), 1)
#1 /home/pgutrunc/app.parabol.truncgil.com/vendor/laravel/framework/src/Illuminate/View/Engines/PhpEngine.php(60): Livewire\\LivewireViewCompilerEngine->handleViewException(Object(Illuminate\\Database\\QueryException), 1)
#2 /home/pgutrunc/app.parabol.truncgil.com/vendor/livewire/livewire/src/ComponentConcerns/RendersLivewireComponents.php(37): Illuminate\\View\\Engines\\PhpEngine->evaluatePath('/home/pgutrunc/...', Array)
#3 /home/pgutrunc/app.parabol.truncgil.com/vendor/laravel/framework/src/Illuminate/View/Engines/CompilerEngine.php(61): Livewire\\LivewireViewCompilerEngine->evaluatePath('/home/pgutrunc/...', Array)
#4 /home/pgutrunc/app.parabol.truncgil.com/vendor/laravel/framework/src/Illuminate/View/View.php(139): Illuminate\\View\\Engines\\CompilerEngine->get('/home/pgutrunc/...', Array)
#5 /home/pgutrunc/app.parabol.truncgil.com/vendor/laravel/framework/src/Illuminate/View/View.php(122): Illuminate\\View\\View->getContents()
#6 /home/pgutrunc/app.parabol.truncgil.com/vendor/laravel/framework/src/Illuminate/View/View.php(91): Illuminate\\View\\View->renderContents()
#7 /home/pgutrunc/app.parabol.truncgil.com/storage/framework/views/0df24477d992403298e4d32bf924cb81d3759fae.php(8): Illuminate\\View\\View->render()
#8 /home/pgutrunc/app.parabol.truncgil.com/vendor/laravel/framework/src/Illuminate/Filesystem/Filesystem.php(107): require('/home/pgutrunc/...')
#9 /home/pgutrunc/app.parabol.truncgil.com/vendor/laravel/framework/src/Illuminate/Filesystem/Filesystem.php(108): Illuminate\\Filesystem\\Filesystem::Illuminate\\Filesystem\\{closure}()
#10 /home/pgutrunc/app.parabol.truncgil.com/vendor/laravel/framework/src/Illuminate/View/Engines/PhpEngine.php(58): Illuminate\\Filesystem\\Filesystem->getRequire('/home/pgutrunc/...', Array)
#11 /home/pgutrunc/app.parabol.truncgil.com/vendor/livewire/livewire/src/ComponentConcerns/RendersLivewireComponents.php(37): Illuminate\\View\\Engines\\PhpEngine->evaluatePath('/home/pgutrunc/...', Array)
#12 /home/pgutrunc/app.parabol.truncgil.com/vendor/laravel/framework/src/Illuminate/View/Engines/CompilerEngine.php(61): Livewire\\LivewireViewCompilerEngine->evaluatePath('/home/pgutrunc/...', Array)
#13 /home/pgutrunc/app.parabol.truncgil.com/vendor/laravel/framework/src/Illuminate/View/View.php(139): Illuminate\\View\\Engines\\CompilerEngine->get('/home/pgutrunc/...', Array)
#14 /home/pgutrunc/app.parabol.truncgil.com/vendor/laravel/framework/src/Illuminate/View/View.php(122): Illuminate\\View\\View->getContents()
#15 /home/pgutrunc/app.parabol.truncgil.com/vendor/laravel/framework/src/Illuminate/View/View.php(91): Illuminate\\View\\View->renderContents()
#16 /home/pgutrunc/app.parabol.truncgil.com/vendor/laravel/framework/src/Illuminate/Http/Response.php(69): Illuminate\\View\\View->render()
#17 /home/pgutrunc/app.parabol.truncgil.com/vendor/laravel/framework/src/Illuminate/Http/Response.php(35): Illuminate\\Http\\Response->setContent(Object(Illuminate\\View\\View))
#18 /home/pgutrunc/app.parabol.truncgil.com/vendor/laravel/framework/src/Illuminate/Routing/Router.php(794): Illuminate\\Http\\Response->__construct(Object(Illuminate\\View\\View), 200, Array)
#19 /home/pgutrunc/app.parabol.truncgil.com/vendor/laravel/framework/src/Illuminate/Routing/Router.php(763): Illuminate\\Routing\\Router::toResponse(Object(Illuminate\\Http\\Request), Object(Illuminate\\View\\View))
#20 /home/pgutrunc/app.parabol.truncgil.com/vendor/laravel/framework/src/Illuminate/Routing/Router.php(695): Illuminate\\Routing\\Router->prepareResponse(Object(Illuminate\\Http\\Request), Object(Illuminate\\View\\View))
#21 /home/pgutrunc/app.parabol.truncgil.com/vendor/laravel/framework/src/Illuminate/Pipeline/Pipeline.php(128): Illuminate\\Routing\\Router->Illuminate\\Routing\\{closure}(Object(Illuminate\\Http\\Request))
#22 /home/pgutrunc/app.parabol.truncgil.com/vendor/santigarcor/laratrust/src/Middleware/LaratrustPermission.php(25): Illuminate\\Pipeline\\Pipeline->Illuminate\\Pipeline\\{closure}(Object(Illuminate\\Http\\Request))
#23 /home/pgutrunc/app.parabol.truncgil.com/vendor/laravel/framework/src/Illuminate/Pipeline/Pipeline.php(167): Laratrust\\Middleware\\LaratrustPermission->handle(Object(Illuminate\\Http\\Request), Object(Closure), 'read-admin-pane...')
#24 /home/pgutrunc/app.parabol.truncgil.com/app/Http/Middleware/AdminMenu.php(30): Illuminate\\Pipeline\\Pipeline->Illuminate\\Pipeline\\{closure}(Object(Illuminate\\Http\\Request))
#25 /home/pgutrunc/app.parabol.truncgil.com/vendor/laravel/framework/src/Illuminate/Pipeline/Pipeline.php(167): App\\Http\\Middleware\\AdminMenu->handle(Object(Illuminate\\Http\\Request), Object(Closure))
#26 /home/pgutrunc/app.parabol.truncgil.com/app/Http/Middleware/RedirectIfWizardNotCompleted.php(20): Illuminate\\Pipeline\\Pipeline->Illuminate\\Pipeline\\{closure}(Object(Illuminate\\Http\\Request))
#27 /home/pgutrunc/app.parabol.truncgil.com/vendor/laravel/framework/src/Illuminate/Pipeline/Pipeline.php(167): App\\Http\\Middleware\\RedirectIfWizardNotCompleted->handle(Object(Illuminate\\Http\\Request), Object(Closure))
#28 /home/pgutrunc/app.parabol.truncgil.com/vendor/laravel/framework/src/Illuminate/Routing/Middleware/SubstituteBindings.php(50): Illuminate\\Pipeline\\Pipeline->Illuminate\\Pipeline\\{closure}(Object(Illuminate\\Http\\Request))
#29 /home/pgutrunc/app.parabol.truncgil.com/vendor/laravel/framework/src/Illuminate/Pipeline/Pipeline.php(167): Illuminate\\Routing\\Middleware\\SubstituteBindings->handle(Object(Illuminate\\Http\\Request), Object(Closure))
#30 /home/pgutrunc/app.parabol.truncgil.com/app/Http/Middleware/IdentifyCompany.php(48): Illuminate\\Pipeline\\Pipeline->Illuminate\\Pipeline\\{closure}(Object(Illuminate\\Http\\Request))
#31 /home/pgutrunc/app.parabol.truncgil.com/vendor/laravel/framework/src/Illuminate/Pipeline/Pipeline.php(167): App\\Http\\Middleware\\IdentifyCompany->handle(Object(Illuminate\\Http\\Request), Object(Closure))
#32 /home/pgutrunc/app.parabol.truncgil.com/app/Http/Middleware/LogoutIfUserDisabled.php(21): Illuminate\\Pipeline\\Pipeline->Illuminate\\Pipeline\\{closure}(Object(Illuminate\\Http\\Request))
#33 /home/pgutrunc/app.parabol.truncgil.com/vendor/laravel/framework/src/Illuminate/Pipeline/Pipeline.php(167): App\\Http\\Middleware\\LogoutIfUserDisabled->handle(Object(Illuminate\\Http\\Request), Object(Closure))
#34 /home/pgutrunc/app.parabol.truncgil.com/vendor/laravel/framework/src/Illuminate/Auth/Middleware/Authenticate.php(44): Illuminate\\Pipeline\\Pipeline->Illuminate\\Pipeline\\{closure}(Object(Illuminate\\Http\\Request))
#35 /home/pgutrunc/app.parabol.truncgil.com/vendor/laravel/framework/src/Illuminate/Pipeline/Pipeline.php(167): Illuminate\\Auth\\Middleware\\Authenticate->handle(Object(Illuminate\\Http\\Request), Object(Closure))
#36 /home/pgutrunc/app.parabol.truncgil.com/vendor/akaunting/laravel-firewall/src/Abstracts/Middleware.php(29): Illuminate\\Pipeline\\Pipeline->Illuminate\\Pipeline\\{closure}(Object(Illuminate\\Http\\Request))
#37 /home/pgutrunc/app.parabol.truncgil.com/vendor/laravel/framework/src/Illuminate/Pipeline/Pipeline.php(167): Akaunting\\Firewall\\Abstracts\\Middleware->handle(Object(Illuminate\\Http\\Request), Object(Closure))
#38 /home/pgutrunc/app.parabol.truncgil.com/vendor/akaunting/laravel-firewall/src/Abstracts/Middleware.php(29): Illuminate\\Pipeline\\Pipeline->Illuminate\\Pipeline\\{closure}(Object(Illuminate\\Http\\Request))
#39 /home/pgutrunc/app.parabol.truncgil.com/vendor/laravel/framework/src/Illuminate/Pipeline/Pipeline.php(167): Akaunting\\Firewall\\Abstracts\\Middleware->handle(Object(Illuminate\\Http\\Request), Object(Closure))
#40 /home/pgutrunc/app.parabol.truncgil.com/vendor/akaunting/laravel-firewall/src/Abstracts/Middleware.php(36): Illuminate\\Pipeline\\Pipeline->Illuminate\\Pipeline\\{closure}(Object(Illuminate\\Http\\Request))
#41 /home/pgutrunc/app.parabol.truncgil.com/vendor/laravel/framework/src/Illuminate/Pipeline/Pipeline.php(167): Akaunting\\Firewall\\Abstracts\\Middleware->handle(Object(Illuminate\\Http\\Request), Object(Closure))
#42 /home/pgutrunc/app.parabol.truncgil.com/vendor/akaunting/laravel-firewall/src/Abstracts/Middleware.php(36): Illuminate\\Pipeline\\Pipeline->Illuminate\\Pipeline\\{closure}(Object(Illuminate\\Http\\Request))
#43 /home/pgutrunc/app.parabol.truncgil.com/vendor/laravel/framework/src/Illuminate/Pipeline/Pipeline.php(167): Akaunting\\Firewall\\Abstracts\\Middleware->handle(Object(Illuminate\\Http\\Request), Object(Closure))
#44 /home/pgutrunc/app.parabol.truncgil.com/vendor/akaunting/laravel-firewall/src/Abstracts/Middleware.php(36): Illuminate\\Pipeline\\Pipeline->Illuminate\\Pipeline\\{closure}(Object(Illuminate\\Http\\Request))
#45 /home/pgutrunc/app.parabol.truncgil.com/vendor/laravel/framework/src/Illuminate/Pipeline/Pipeline.php(167): Akaunting\\Firewall\\Abstracts\\Middleware->handle(Object(Illuminate\\Http\\Request), Object(Closure))
#46 /home/pgutrunc/app.parabol.truncgil.com/vendor/akaunting/laravel-firewall/src/Abstracts/Middleware.php(36): Illuminate\\Pipeline\\Pipeline->Illuminate\\Pipeline\\{closure}(Object(Illuminate\\Http\\Request))
#47 /home/pgutrunc/app.parabol.truncgil.com/vendor/laravel/framework/src/Illuminate/Pipeline/Pipeline.php(167): Akaunting\\Firewall\\Abstracts\\Middleware->handle(Object(Illuminate\\Http\\Request), Object(Closure))
#48 /home/pgutrunc/app.parabol.truncgil.com/vendor/akaunting/laravel-firewall/src/Abstracts/Middleware.php(36): Illuminate\\Pipeline\\Pipeline->Illuminate\\Pipeline\\{closure}(Object(Illuminate\\Http\\Request))
#49 /home/pgutrunc/app.parabol.truncgil.com/vendor/laravel/framework/src/Illuminate/Pipeline/Pipeline.php(167): Akaunting\\Firewall\\Abstracts\\Middleware->handle(Object(Illuminate\\Http\\Request), Object(Closure))
#50 /home/pgutrunc/app.parabol.truncgil.com/vendor/akaunting/laravel-firewall/src/Abstracts/Middleware.php(36): Illuminate\\Pipeline\\Pipeline->Illuminate\\Pipeline\\{closure}(Object(Illuminate\\Http\\Request))
#51 /home/pgutrunc/app.parabol.truncgil.com/vendor/laravel/framework/src/Illuminate/Pipeline/Pipeline.php(167): Akaunting\\Firewall\\Abstracts\\Middleware->handle(Object(Illuminate\\Http\\Request), Object(Closure))
#52 /home/pgutrunc/app.parabol.truncgil.com/vendor/akaunting/laravel-firewall/src/Abstracts/Middleware.php(36): Illuminate\\Pipeline\\Pipeline->Illuminate\\Pipeline\\{closure}(Object(Illuminate\\Http\\Request))
#53 /home/pgutrunc/app.parabol.truncgil.com/vendor/laravel/framework/src/Illuminate/Pipeline/Pipeline.php(167): Akaunting\\Firewall\\Abstracts\\Middleware->handle(Object(Illuminate\\Http\\Request), Object(Closure))
#54 /home/pgutrunc/app.parabol.truncgil.com/vendor/akaunting/laravel-firewall/src/Abstracts/Middleware.php(36): Illuminate\\Pipeline\\Pipeline->Illuminate\\Pipeline\\{closure}(Object(Illuminate\\Http\\Request))
#55 /home/pgutrunc/app.parabol.truncgil.com/vendor/laravel/framework/src/Illuminate/Pipeline/Pipeline.php(167): Akaunting\\Firewall\\Abstracts\\Middleware->handle(Object(Illuminate\\Http\\Request), Object(Closure))
#56 /home/pgutrunc/app.parabol.truncgil.com/vendor/akaunting/laravel-firewall/src/Abstracts/Middleware.php(36): Illuminate\\Pipeline\\Pipeline->Illuminate\\Pipeline\\{closure}(Object(Illuminate\\Http\\Request))
#57 /home/pgutrunc/app.parabol.truncgil.com/vendor/laravel/framework/src/Illuminate/Pipeline/Pipeline.php(167): Akaunting\\Firewall\\Abstracts\\Middleware->handle(Object(Illuminate\\Http\\Request), Object(Closure))
#58 /home/pgutrunc/app.parabol.truncgil.com/vendor/akaunting/laravel-language/src/Middleware/SetLocale.php(95): Illuminate\\Pipeline\\Pipeline->Illuminate\\Pipeline\\{closure}(Object(Illuminate\\Http\\Request))
#59 /home/pgutrunc/app.parabol.truncgil.com/vendor/laravel/framework/src/Illuminate/Pipeline/Pipeline.php(167): Akaunting\\Language\\Middleware\\SetLocale->handle(Object(Illuminate\\Http\\Request), Object(Closure))
#60 /home/pgutrunc/app.parabol.truncgil.com/app/Http/Middleware/AddXHeader.php(18): Illuminate\\Pipeline\\Pipeline->Illuminate\\Pipeline\\{closure}(Object(Illuminate\\Http\\Request))
#61 /home/pgutrunc/app.parabol.truncgil.com/vendor/laravel/framework/src/Illuminate/Pipeline/Pipeline.php(167): App\\Http\\Middleware\\AddXHeader->handle(Object(Illuminate\\Http\\Request), Object(Closure))
#62 /home/pgutrunc/app.parabol.truncgil.com/app/Http/Middleware/RedirectIfNotInstalled.php(20): Illuminate\\Pipeline\\Pipeline->Illuminate\\Pipeline\\{closure}(Object(Illuminate\\Http\\Request))
#63 /home/pgutrunc/app.parabol.truncgil.com/vendor/laravel/framework/src/Illuminate/Pipeline/Pipeline.php(167): App\\Http\\Middleware\\RedirectIfNotInstalled->handle(Object(Illuminate\\Http\\Request), Object(Closure))
#64 /home/pgutrunc/app.parabol.truncgil.com/vendor/laravel/framework/src/Illuminate/Foundation/Http/Middleware/VerifyCsrfToken.php(78): Illuminate\\Pipeline\\Pipeline->Illuminate\\Pipeline\\{closure}(Object(Illuminate\\Http\\Request))
#65 /home/pgutrunc/app.parabol.truncgil.com/vendor/laravel/framework/src/Illuminate/Pipeline/Pipeline.php(167): Illuminate\\Foundation\\Http\\Middleware\\VerifyCsrfToken->handle(Object(Illuminate\\Http\\Request), Object(Closure))
#66 /home/pgutrunc/app.parabol.truncgil.com/vendor/laravel/framework/src/Illuminate/View/Middleware/ShareErrorsFromSession.php(49): Illuminate\\Pipeline\\Pipeline->Illuminate\\Pipeline\\{closure}(Object(Illuminate\\Http\\Request))
#67 /home/pgutrunc/app.parabol.truncgil.com/vendor/laravel/framework/src/Illuminate/Pipeline/Pipeline.php(167): Illuminate\\View\\Middleware\\ShareErrorsFromSession->handle(Object(Illuminate\\Http\\Request), Object(Closure))
#68 /home/pgutrunc/app.parabol.truncgil.com/vendor/laravel/framework/src/Illuminate/Session/Middleware/StartSession.php(121): Illuminate\\Pipeline\\Pipeline->Illuminate\\Pipeline\\{closure}(Object(Illuminate\\Http\\Request))
#69 /home/pgutrunc/app.parabol.truncgil.com/vendor/laravel/framework/src/Illuminate/Session/Middleware/StartSession.php(64): Illuminate\\Session\\Middleware\\StartSession->handleStatefulRequest(Object(Illuminate\\Http\\Request), Object(Illuminate\\Session\\Store), Object(Closure))
#70 /home/pgutrunc/app.parabol.truncgil.com/vendor/laravel/framework/src/Illuminate/Pipeline/Pipeline.php(167): Illuminate\\Session\\Middleware\\StartSession->handle(Object(Illuminate\\Http\\Request), Object(Closure))
#71 /home/pgutrunc/app.parabol.truncgil.com/vendor/laravel/framework/src/Illuminate/Cookie/Middleware/AddQueuedCookiesToResponse.php(37): Illuminate\\Pipeline\\Pipeline->Illuminate\\Pipeline\\{closure}(Object(Illuminate\\Http\\Request))
#72 /home/pgutrunc/app.parabol.truncgil.com/vendor/laravel/framework/src/Illuminate/Pipeline/Pipeline.php(167): Illuminate\\Cookie\\Middleware\\AddQueuedCookiesToResponse->handle(Object(Illuminate\\Http\\Request), Object(Closure))
#73 /home/pgutrunc/app.parabol.truncgil.com/vendor/laravel/framework/src/Illuminate/Cookie/Middleware/EncryptCookies.php(67): Illuminate\\Pipeline\\Pipeline->Illuminate\\Pipeline\\{closure}(Object(Illuminate\\Http\\Request))
#74 /home/pgutrunc/app.parabol.truncgil.com/vendor/laravel/framework/src/Illuminate/Pipeline/Pipeline.php(167): Illuminate\\Cookie\\Middleware\\EncryptCookies->handle(Object(Illuminate\\Http\\Request), Object(Closure))
#75 /home/pgutrunc/app.parabol.truncgil.com/vendor/laravel/framework/src/Illuminate/Pipeline/Pipeline.php(103): Illuminate\\Pipeline\\Pipeline->Illuminate\\Pipeline\\{closure}(Object(Illuminate\\Http\\Request))
#76 /home/pgutrunc/app.parabol.truncgil.com/vendor/laravel/framework/src/Illuminate/Routing/Router.php(697): Illuminate\\Pipeline\\Pipeline->then(Object(Closure))
#77 /home/pgutrunc/app.parabol.truncgil.com/vendor/laravel/framework/src/Illuminate/Routing/Router.php(672): Illuminate\\Routing\\Router->runRouteWithinStack(Object(Illuminate\\Routing\\Route), Object(Illuminate\\Http\\Request))
#78 /home/pgutrunc/app.parabol.truncgil.com/vendor/laravel/framework/src/Illuminate/Routing/Router.php(636): Illuminate\\Routing\\Router->runRoute(Object(Illuminate\\Http\\Request), Object(Illuminate\\Routing\\Route))
#79 /home/pgutrunc/app.parabol.truncgil.com/vendor/laravel/framework/src/Illuminate/Routing/Router.php(625): Illuminate\\Routing\\Router->dispatchToRoute(Object(Illuminate\\Http\\Request))
#80 /home/pgutrunc/app.parabol.truncgil.com/vendor/laravel/framework/src/Illuminate/Foundation/Http/Kernel.php(166): Illuminate\\Routing\\Router->dispatch(Object(Illuminate\\Http\\Request))
#81 /home/pgutrunc/app.parabol.truncgil.com/vendor/laravel/framework/src/Illuminate/Pipeline/Pipeline.php(128): Illuminate\\Foundation\\Http\\Kernel->Illuminate\\Foundation\\Http\\{closure}(Object(Illuminate\\Http\\Request))
#82 /home/pgutrunc/app.parabol.truncgil.com/vendor/barryvdh/laravel-debugbar/src/Middleware/InjectDebugbar.php(60): Illuminate\\Pipeline\\Pipeline->Illuminate\\Pipeline\\{closure}(Object(Illuminate\\Http\\Request))
#83 /home/pgutrunc/app.parabol.truncgil.com/vendor/laravel/framework/src/Illuminate/Pipeline/Pipeline.php(167): Barryvdh\\Debugbar\\Middleware\\InjectDebugbar->handle(Object(Illuminate\\Http\\Request), Object(Closure))
#84 /home/pgutrunc/app.parabol.truncgil.com/vendor/laravel/framework/src/Illuminate/Foundation/Http/Middleware/TransformsRequest.php(21): Illuminate\\Pipeline\\Pipeline->Illuminate\\Pipeline\\{closure}(Object(Illuminate\\Http\\Request))
#85 /home/pgutrunc/app.parabol.truncgil.com/vendor/laravel/framework/src/Illuminate/Foundation/Http/Middleware/ConvertEmptyStringsToNull.php(31): Illuminate\\Foundation\\Http\\Middleware\\TransformsRequest->handle(Object(Illuminate\\Http\\Request), Object(Closure))
#86 /home/pgutrunc/app.parabol.truncgil.com/vendor/laravel/framework/src/Illuminate/Pipeline/Pipeline.php(167): Illuminate\\Foundation\\Http\\Middleware\\ConvertEmptyStringsToNull->handle(Object(Illuminate\\Http\\Request), Object(Closure))
#87 /home/pgutrunc/app.parabol.truncgil.com/vendor/laravel/framework/src/Illuminate/Foundation/Http/Middleware/TransformsRequest.php(21): Illuminate\\Pipeline\\Pipeline->Illuminate\\Pipeline\\{closure}(Object(Illuminate\\Http\\Request))
#88 /home/pgutrunc/app.parabol.truncgil.com/vendor/laravel/framework/src/Illuminate/Foundation/Http/Middleware/TrimStrings.php(40): Illuminate\\Foundation\\Http\\Middleware\\TransformsRequest->handle(Object(Illuminate\\Http\\Request), Object(Closure))
#89 /home/pgutrunc/app.parabol.truncgil.com/vendor/laravel/framework/src/Illuminate/Pipeline/Pipeline.php(167): Illuminate\\Foundation\\Http\\Middleware\\TrimStrings->handle(Object(Illuminate\\Http\\Request), Object(Closure))
#90 /home/pgutrunc/app.parabol.truncgil.com/vendor/laravel/framework/src/Illuminate/Foundation/Http/Middleware/ValidatePostSize.php(27): Illuminate\\Pipeline\\Pipeline->Illuminate\\Pipeline\\{closure}(Object(Illuminate\\Http\\Request))
#91 /home/pgutrunc/app.parabol.truncgil.com/vendor/laravel/framework/src/Illuminate/Pipeline/Pipeline.php(167): Illuminate\\Foundation\\Http\\Middleware\\ValidatePostSize->handle(Object(Illuminate\\Http\\Request), Object(Closure))
#92 /home/pgutrunc/app.parabol.truncgil.com/vendor/laravel/framework/src/Illuminate/Foundation/Http/Middleware/PreventRequestsDuringMaintenance.php(86): Illuminate\\Pipeline\\Pipeline->Illuminate\\Pipeline\\{closure}(Object(Illuminate\\Http\\Request))
#93 /home/pgutrunc/app.parabol.truncgil.com/vendor/laravel/framework/src/Illuminate/Pipeline/Pipeline.php(167): Illuminate\\Foundation\\Http\\Middleware\\PreventRequestsDuringMaintenance->handle(Object(Illuminate\\Http\\Request), Object(Closure))
#94 /home/pgutrunc/app.parabol.truncgil.com/vendor/fruitcake/laravel-cors/src/HandleCors.php(38): Illuminate\\Pipeline\\Pipeline->Illuminate\\Pipeline\\{closure}(Object(Illuminate\\Http\\Request))
#95 /home/pgutrunc/app.parabol.truncgil.com/vendor/laravel/framework/src/Illuminate/Pipeline/Pipeline.php(167): Fruitcake\\Cors\\HandleCors->handle(Object(Illuminate\\Http\\Request), Object(Closure))
#96 /home/pgutrunc/app.parabol.truncgil.com/vendor/fideloper/proxy/src/TrustProxies.php(57): Illuminate\\Pipeline\\Pipeline->Illuminate\\Pipeline\\{closure}(Object(Illuminate\\Http\\Request))
#97 /home/pgutrunc/app.parabol.truncgil.com/vendor/laravel/framework/src/Illuminate/Pipeline/Pipeline.php(167): Fideloper\\Proxy\\TrustProxies->handle(Object(Illuminate\\Http\\Request), Object(Closure))
#98 /home/pgutrunc/app.parabol.truncgil.com/vendor/laravel/framework/src/Illuminate/Http/Middleware/TrustHosts.php(48): Illuminate\\Pipeline\\Pipeline->Illuminate\\Pipeline\\{closure}(Object(Illuminate\\Http\\Request))
#99 /home/pgutrunc/app.parabol.truncgil.com/vendor/laravel/framework/src/Illuminate/Pipeline/Pipeline.php(167): Illuminate\\Http\\Middleware\\TrustHosts->handle(Object(Illuminate\\Http\\Request), Object(Closure))
#100 /home/pgutrunc/app.parabol.truncgil.com/vendor/dingo/api/src/Http/Middleware/Request.php(111): Illuminate\\Pipeline\\Pipeline->Illuminate\\Pipeline\\{closure}(Object(Illuminate\\Http\\Request))
#101 /home/pgutrunc/app.parabol.truncgil.com/vendor/laravel/framework/src/Illuminate/Pipeline/Pipeline.php(167): Dingo\\Api\\Http\\Middleware\\Request->handle(Object(Illuminate\\Http\\Request), Object(Closure))
#102 /home/pgutrunc/app.parabol.truncgil.com/vendor/laravel/framework/src/Illuminate/Pipeline/Pipeline.php(103): Illuminate\\Pipeline\\Pipeline->Illuminate\\Pipeline\\{closure}(Object(Illuminate\\Http\\Request))
#103 /home/pgutrunc/app.parabol.truncgil.com/vendor/laravel/framework/src/Illuminate/Foundation/Http/Kernel.php(141): Illuminate\\Pipeline\\Pipeline->then(Object(Closure))
#104 /home/pgutrunc/app.parabol.truncgil.com/vendor/laravel/framework/src/Illuminate/Foundation/Http/Kernel.php(110): Illuminate\\Foundation\\Http\\Kernel->sendRequestThroughRouter(Object(Illuminate\\Http\\Request))
#105 /home/pgutrunc/app.parabol.truncgil.com/index.php(21): Illuminate\\Foundation\\Http\\Kernel->handle(Object(Illuminate\\Http\\Request))
#106 {main}

[previous exception] [object] (Illuminate\\Database\\QueryException(code: 23000): SQLSTATE[23000]: Integrity constraint violation: 1052 Column 'id' in order clause is ambiguous (SQL: select `prb_planlar`.`company_id`, `prb_planlar`.`date`, `prb_planlar`.`tutar`, `prb_planlar`.`json`, `prb_planlar`.`durum` from `prb_planlar` inner join `prb_user_companies` on `prb_planlar`.`company_id` = `prb_user_companies`.`company_id` inner join `prb_users` on `prb_user_companies`.`user_id` = `prb_users`.`id` where `durum` <> Ödeme Bekliyor order by `id` desc) at /home/pgutrunc/app.parabol.truncgil.com/vendor/laravel/framework/src/Illuminate/Database/Connection.php:692)
[stacktrace]
#0 /home/pgutrunc/app.parabol.truncgil.com/vendor/laravel/framework/src/Illuminate/Database/Connection.php(652): Illuminate\\Database\\Connection->runQueryCallback('select `prb_pla...', Array, Object(Closure))
#1 /home/pgutrunc/app.parabol.truncgil.com/vendor/laravel/framework/src/Illuminate/Database/Connection.php(360): Illuminate\\Database\\Connection->run('select `prb_pla...', Array, Object(Closure))
#2 /home/pgutrunc/app.parabol.truncgil.com/vendor/laravel/framework/src/Illuminate/Database/Query/Builder.php(2350): Illuminate\\Database\\Connection->select('select `prb_pla...', Array, true)
#3 /home/pgutrunc/app.parabol.truncgil.com/vendor/laravel/framework/src/Illuminate/Database/Query/Builder.php(2338): Illuminate\\Database\\Query\\Builder->runSelect()
#4 /home/pgutrunc/app.parabol.truncgil.com/vendor/laravel/framework/src/Illuminate/Database/Query/Builder.php(2872): Illuminate\\Database\\Query\\Builder->Illuminate\\Database\\Query\\{closure}()
#5 /home/pgutrunc/app.parabol.truncgil.com/vendor/laravel/framework/src/Illuminate/Database/Query/Builder.php(2339): Illuminate\\Database\\Query\\Builder->onceWithColumns(Array, Object(Closure))
#6 /home/pgutrunc/app.parabol.truncgil.com/storage/framework/views/79376691696a556c743585d225d1dc5ae1b44af9.php(45): Illuminate\\Database\\Query\\Builder->get()
#7 /home/pgutrunc/app.parabol.truncgil.com/vendor/laravel/framework/src/Illuminate/Filesystem/Filesystem.php(107): require('/home/pgutrunc/...')
#8 /home/pgutrunc/app.parabol.truncgil.com/vendor/laravel/framework/src/Illuminate/Filesystem/Filesystem.php(108): Illuminate\\Filesystem\\Filesystem::Illuminate\\Filesystem\\{closure}()
#9 /home/pgutrunc/app.parabol.truncgil.com/vendor/laravel/framework/src/Illuminate/View/Engines/PhpEngine.php(58): Illuminate\\Filesystem\\Filesystem->getRequire('/home/pgutrunc/...', Array)
#10 /home/pgutrunc/app.parabol.truncgil.com/vendor/livewire/livewire/src/ComponentConcerns/RendersLivewireComponents.php(37): Illuminate\\View\\Engines\\PhpEngine->evaluatePath('/home/pgutrunc/...', Array)
#11 /home/pgutrunc/app.parabol.truncgil.com/vendor/laravel/framework/src/Illuminate/View/Engines/CompilerEngine.php(61): Livewire\\LivewireViewCompilerEngine->evaluatePath('/home/pgutrunc/...', Array)
#12 /home/pgutrunc/app.parabol.truncgil.com/vendor/laravel/framework/src/Illuminate/View/View.php(139): Illuminate\\View\\Engines\\CompilerEngine->get('/home/pgutrunc/...', Array)
#13 /home/pgutrunc/app.parabol.truncgil.com/vendor/laravel/framework/src/Illuminate/View/View.php(122): Illuminate\\View\\View->getContents()
#14 /home/pgutrunc/app.parabol.truncgil.com/vendor/laravel/framework/src/Illuminate/View/View.php(91): Illuminate\\View\\View->renderContents()
#15 /home/pgutrunc/app.parabol.truncgil.com/storage/framework/views/0df24477d992403298e4d32bf924cb81d3759fae.php(8): Illuminate\\View\\View->render()
#16 /home/pgutrunc/app.parabol.truncgil.com/vendor/laravel/framework/src/Illuminate/Filesystem/Filesystem.php(107): require('/home/pgutrunc/...')
#17 /home/pgutrunc/app.parabol.truncgil.com/vendor/laravel/framework/src/Illuminate/Filesystem/Filesystem.php(108): Illuminate\\Filesystem\\Filesystem::Illuminate\\Filesystem\\{closure}()
#18 /home/pgutrunc/app.parabol.truncgil.com/vendor/laravel/framework/src/Illuminate/View/Engines/PhpEngine.php(58): Illuminate\\Filesystem\\Filesystem->getRequire('/home/pgutrunc/...', Array)
#19 /home/pgutrunc/app.parabol.truncgil.com/vendor/livewire/livewire/src/ComponentConcerns/RendersLivewireComponents.php(37): Illuminate\\View\\Engines\\PhpEngine->evaluatePath('/home/pgutrunc/...', Array)
#20 /home/pgutrunc/app.parabol.truncgil.com/vendor/laravel/framework/src/Illuminate/View/Engines/CompilerEngine.php(61): Livewire\\LivewireViewCompilerEngine->evaluatePath('/home/pgutrunc/...', Array)
#21 /home/pgutrunc/app.parabol.truncgil.com/vendor/laravel/framework/src/Illuminate/View/View.php(139): Illuminate\\View\\Engines\\CompilerEngine->get('/home/pgutrunc/...', Array)
#22 /home/pgutrunc/app.parabol.truncgil.com/vendor/laravel/framework/src/Illuminate/View/View.php(122): Illuminate\\View\\View->getContents()
#23 /home/pgutrunc/app.parabol.truncgil.com/vendor/laravel/framework/src/Illuminate/View/View.php(91): Illuminate\\View\\View->renderContents()
#24 /home/pgutrunc/app.parabol.truncgil.com/vendor/laravel/framework/src/Illuminate/Http/Response.php(69): Illuminate\\View\\View->render()
#25 /home/pgutrunc/app.parabol.truncgil.com/vendor/laravel/framework/src/Illuminate/Http/Response.php(35): Illuminate\\Http\\Response->setContent(Object(Illuminate\\View\\View))
#26 /home/pgutrunc/app.parabol.truncgil.com/vendor/laravel/framework/src/Illuminate/Routing/Router.php(794): Illuminate\\Http\\Response->__construct(Object(Illuminate\\View\\View), 200, Array)
#27 /home/pgutrunc/app.parabol.truncgil.com/vendor/laravel/framework/src/Illuminate/Routing/Router.php(763): Illuminate\\Routing\\Router::toResponse(Object(Illuminate\\Http\\Request), Object(Illuminate\\View\\View))
#28 /home/pgutrunc/app.parabol.truncgil.com/vendor/laravel/framework/src/Illuminate/Routing/Router.php(695): Illuminate\\Routing\\Router->prepareResponse(Object(Illuminate\\Http\\Request), Object(Illuminate\\View\\View))
#29 /home/pgutrunc/app.parabol.truncgil.com/vendor/laravel/framework/src/Illuminate/Pipeline/Pipeline.php(128): Illuminate\\Routing\\Router->Illuminate\\Routing\\{closure}(Object(Illuminate\\Http\\Request))
#30 /home/pgutrunc/app.parabol.truncgil.com/vendor/santigarcor/laratrust/src/Middleware/LaratrustPermission.php(25): Illuminate\\Pipeline\\Pipeline->Illuminate\\Pipeline\\{closure}(Object(Illuminate\\Http\\Request))
#31 /home/pgutrunc/app.parabol.truncgil.com/vendor/laravel/framework/src/Illuminate/Pipeline/Pipeline.php(167): Laratrust\\Middleware\\LaratrustPermission->handle(Object(Illuminate\\Http\\Request), Object(Closure), 'read-admin-pane...')
#32 /home/pgutrunc/app.parabol.truncgil.com/app/Http/Middleware/AdminMenu.php(30): Illuminate\\Pipeline\\Pipeline->Illuminate\\Pipeline\\{closure}(Object(Illuminate\\Http\\Request))
#33 /home/pgutrunc/app.parabol.truncgil.com/vendor/laravel/framework/src/Illuminate/Pipeline/Pipeline.php(167): App\\Http\\Middleware\\AdminMenu->handle(Object(Illuminate\\Http\\Request), Object(Closure))
#34 /home/pgutrunc/app.parabol.truncgil.com/app/Http/Middleware/RedirectIfWizardNotCompleted.php(20): Illuminate\\Pipeline\\Pipeline->Illuminate\\Pipeline\\{closure}(Object(Illuminate\\Http\\Request))
#35 /home/pgutrunc/app.parabol.truncgil.com/vendor/laravel/framework/src/Illuminate/Pipeline/Pipeline.php(167): App\\Http\\Middleware\\RedirectIfWizardNotCompleted->handle(Object(Illuminate\\Http\\Request), Object(Closure))
#36 /home/pgutrunc/app.parabol.truncgil.com/vendor/laravel/framework/src/Illuminate/Routing/Middleware/SubstituteBindings.php(50): Illuminate\\Pipeline\\Pipeline->Illuminate\\Pipeline\\{closure}(Object(Illuminate\\Http\\Request))
#37 /home/pgutrunc/app.parabol.truncgil.com/vendor/laravel/framework/src/Illuminate/Pipeline/Pipeline.php(167): Illuminate\\Routing\\Middleware\\SubstituteBindings->handle(Object(Illuminate\\Http\\Request), Object(Closure))
#38 /home/pgutrunc/app.parabol.truncgil.com/app/Http/Middleware/IdentifyCompany.php(48): Illuminate\\Pipeline\\Pipeline->Illuminate\\Pipeline\\{closure}(Object(Illuminate\\Http\\Request))
#39 /home/pgutrunc/app.parabol.truncgil.com/vendor/laravel/framework/src/Illuminate/Pipeline/Pipeline.php(167): App\\Http\\Middleware\\IdentifyCompany->handle(Object(Illuminate\\Http\\Request), Object(Closure))
#40 /home/pgutrunc/app.parabol.truncgil.com/app/Http/Middleware/LogoutIfUserDisabled.php(21): Illuminate\\Pipeline\\Pipeline->Illuminate\\Pipeline\\{closure}(Object(Illuminate\\Http\\Request))
#41 /home/pgutrunc/app.parabol.truncgil.com/vendor/laravel/framework/src/Illuminate/Pipeline/Pipeline.php(167): App\\Http\\Middleware\\LogoutIfUserDisabled->handle(Object(Illuminate\\Http\\Request), Object(Closure))
#42 /home/pgutrunc/app.parabol.truncgil.com/vendor/laravel/framework/src/Illuminate/Auth/Middleware/Authenticate.php(44): Illuminate\\Pipeline\\Pipeline->Illuminate\\Pipeline\\{closure}(Object(Illuminate\\Http\\Request))
#43 /home/pgutrunc/app.parabol.truncgil.com/vendor/laravel/framework/src/Illuminate/Pipeline/Pipeline.php(167): Illuminate\\Auth\\Middleware\\Authenticate->handle(Object(Illuminate\\Http\\Request), Object(Closure))
#44 /home/pgutrunc/app.parabol.truncgil.com/vendor/akaunting/laravel-firewall/src/Abstracts/Middleware.php(29): Illuminate\\Pipeline\\Pipeline->Illuminate\\Pipeline\\{closure}(Object(Illuminate\\Http\\Request))
#45 /home/pgutrunc/app.parabol.truncgil.com/vendor/laravel/framework/src/Illuminate/Pipeline/Pipeline.php(167): Akaunting\\Firewall\\Abstracts\\Middleware->handle(Object(Illuminate\\Http\\Request), Object(Closure))
#46 /home/pgutrunc/app.parabol.truncgil.com/vendor/akaunting/laravel-firewall/src/Abstracts/Middleware.php(29): Illuminate\\Pipeline\\Pipeline->Illuminate\\Pipeline\\{closure}(Object(Illuminate\\Http\\Request))
#47 /home/pgutrunc/app.parabol.truncgil.com/vendor/laravel/framework/src/Illuminate/Pipeline/Pipeline.php(167): Akaunting\\Firewall\\Abstracts\\Middleware->handle(Object(Illuminate\\Http\\Request), Object(Closure))
#48 /home/pgutrunc/app.parabol.truncgil.com/vendor/akaunting/laravel-firewall/src/Abstracts/Middleware.php(36): Illuminate\\Pipeline\\Pipeline->Illuminate\\Pipeline\\{closure}(Object(Illuminate\\Http\\Request))
#49 /home/pgutrunc/app.parabol.truncgil.com/vendor/laravel/framework/src/Illuminate/Pipeline/Pipeline.php(167): Akaunting\\Firewall\\Abstracts\\Middleware->handle(Object(Illuminate\\Http\\Request), Object(Closure))
#50 /home/pgutrunc/app.parabol.truncgil.com/vendor/akaunting/laravel-firewall/src/Abstracts/Middleware.php(36): Illuminate\\Pipeline\\Pipeline->Illuminate\\Pipeline\\{closure}(Object(Illuminate\\Http\\Request))
#51 /home/pgutrunc/app.parabol.truncgil.com/vendor/laravel/framework/src/Illuminate/Pipeline/Pipeline.php(167): Akaunting\\Firewall\\Abstracts\\Middleware->handle(Object(Illuminate\\Http\\Request), Object(Closure))
#52 /home/pgutrunc/app.parabol.truncgil.com/vendor/akaunting/laravel-firewall/src/Abstracts/Middleware.php(36): Illuminate\\Pipeline\\Pipeline->Illuminate\\Pipeline\\{closure}(Object(Illuminate\\Http\\Request))
#53 /home/pgutrunc/app.parabol.truncgil.com/vendor/laravel/framework/src/Illuminate/Pipeline/Pipeline.php(167): Akaunting\\Firewall\\Abstracts\\Middleware->handle(Object(Illuminate\\Http\\Request), Object(Closure))
#54 /home/pgutrunc/app.parabol.truncgil.com/vendor/akaunting/laravel-firewall/src/Abstracts/Middleware.php(36): Illuminate\\Pipeline\\Pipeline->Illuminate\\Pipeline\\{closure}(Object(Illuminate\\Http\\Request))
#55 /home/pgutrunc/app.parabol.truncgil.com/vendor/laravel/framework/src/Illuminate/Pipeline/Pipeline.php(167): Akaunting\\Firewall\\Abstracts\\Middleware->handle(Object(Illuminate\\Http\\Request), Object(Closure))
#56 /home/pgutrunc/app.parabol.truncgil.com/vendor/akaunting/laravel-firewall/src/Abstracts/Middleware.php(36): Illuminate\\Pipeline\\Pipeline->Illuminate\\Pipeline\\{closure}(Object(Illuminate\\Http\\Request))
#57 /home/pgutrunc/app.parabol.truncgil.com/vendor/laravel/framework/src/Illuminate/Pipeline/Pipeline.php(167): Akaunting\\Firewall\\Abstracts\\Middleware->handle(Object(Illuminate\\Http\\Request), Object(Closure))
#58 /home/pgutrunc/app.parabol.truncgil.com/vendor/akaunting/laravel-firewall/src/Abstracts/Middleware.php(36): Illuminate\\Pipeline\\Pipeline->Illuminate\\Pipeline\\{closure}(Object(Illuminate\\Http\\Request))
#59 /home/pgutrunc/app.parabol.truncgil.com/vendor/laravel/framework/src/Illuminate/Pipeline/Pipeline.php(167): Akaunting\\Firewall\\Abstracts\\Middleware->handle(Object(Illuminate\\Http\\Request), Object(Closure))
#60 /home/pgutrunc/app.parabol.truncgil.com/vendor/akaunting/laravel-firewall/src/Abstracts/Middleware.php(36): Illuminate\\Pipeline\\Pipeline->Illuminate\\Pipeline\\{closure}(Object(Illuminate\\Http\\Request))
#61 /home/pgutrunc/app.parabol.truncgil.com/vendor/laravel/framework/src/Illuminate/Pipeline/Pipeline.php(167): Akaunting\\Firewall\\Abstracts\\Middleware->handle(Object(Illuminate\\Http\\Request), Object(Closure))
#62 /home/pgutrunc/app.parabol.truncgil.com/vendor/akaunting/laravel-firewall/src/Abstracts/Middleware.php(36): Illuminate\\Pipeline\\Pipeline->Illuminate\\Pipeline\\{closure}(Object(Illuminate\\Http\\Request))
#63 /home/pgutrunc/app.parabol.truncgil.com/vendor/laravel/framework/src/Illuminate/Pipeline/Pipeline.php(167): Akaunting\\Firewall\\Abstracts\\Middleware->handle(Object(Illuminate\\Http\\Request), Object(Closure))
#64 /home/pgutrunc/app.parabol.truncgil.com/vendor/akaunting/laravel-firewall/src/Abstracts/Middleware.php(36): Illuminate\\Pipeline\\Pipeline->Illuminate\\Pipeline\\{closure}(Object(Illuminate\\Http\\Request))
#65 /home/pgutrunc/app.parabol.truncgil.com/vendor/laravel/framework/src/Illuminate/Pipeline/Pipeline.php(167): Akaunting\\Firewall\\Abstracts\\Middleware->handle(Object(Illuminate\\Http\\Request), Object(Closure))
#66 /home/pgutrunc/app.parabol.truncgil.com/vendor/akaunting/laravel-language/src/Middleware/SetLocale.php(95): Illuminate\\Pipeline\\Pipeline->Illuminate\\Pipeline\\{closure}(Object(Illuminate\\Http\\Request))
#67 /home/pgutrunc/app.parabol.truncgil.com/vendor/laravel/framework/src/Illuminate/Pipeline/Pipeline.php(167): Akaunting\\Language\\Middleware\\SetLocale->handle(Object(Illuminate\\Http\\Request), Object(Closure))
#68 /home/pgutrunc/app.parabol.truncgil.com/app/Http/Middleware/AddXHeader.php(18): Illuminate\\Pipeline\\Pipeline->Illuminate\\Pipeline\\{closure}(Object(Illuminate\\Http\\Request))
#69 /home/pgutrunc/app.parabol.truncgil.com/vendor/laravel/framework/src/Illuminate/Pipeline/Pipeline.php(167): App\\Http\\Middleware\\AddXHeader->handle(Object(Illuminate\\Http\\Request), Object(Closure))
#70 /home/pgutrunc/app.parabol.truncgil.com/app/Http/Middleware/RedirectIfNotInstalled.php(20): Illuminate\\Pipeline\\Pipeline->Illuminate\\Pipeline\\{closure}(Object(Illuminate\\Http\\Request))
#71 /home/pgutrunc/app.parabol.truncgil.com/vendor/laravel/framework/src/Illuminate/Pipeline/Pipeline.php(167): App\\Http\\Middleware\\RedirectIfNotInstalled->handle(Object(Illuminate\\Http\\Request), Object(Closure))
#72 /home/pgutrunc/app.parabol.truncgil.com/vendor/laravel/framework/src/Illuminate/Foundation/Http/Middleware/VerifyCsrfToken.php(78): Illuminate\\Pipeline\\Pipeline->Illuminate\\Pipeline\\{closure}(Object(Illuminate\\Http\\Request))
#73 /home/pgutrunc/app.parabol.truncgil.com/vendor/laravel/framework/src/Illuminate/Pipeline/Pipeline.php(167): Illuminate\\Foundation\\Http\\Middleware\\VerifyCsrfToken->handle(Object(Illuminate\\Http\\Request), Object(Closure))
#74 /home/pgutrunc/app.parabol.truncgil.com/vendor/laravel/framework/src/Illuminate/View/Middleware/ShareErrorsFromSession.php(49): Illuminate\\Pipeline\\Pipeline->Illuminate\\Pipeline\\{closure}(Object(Illuminate\\Http\\Request))
#75 /home/pgutrunc/app.parabol.truncgil.com/vendor/laravel/framework/src/Illuminate/Pipeline/Pipeline.php(167): Illuminate\\View\\Middleware\\ShareErrorsFromSession->handle(Object(Illuminate\\Http\\Request), Object(Closure))
#76 /home/pgutrunc/app.parabol.truncgil.com/vendor/laravel/framework/src/Illuminate/Session/Middleware/StartSession.php(121): Illuminate\\Pipeline\\Pipeline->Illuminate\\Pipeline\\{closure}(Object(Illuminate\\Http\\Request))
#77 /home/pgutrunc/app.parabol.truncgil.com/vendor/laravel/framework/src/Illuminate/Session/Middleware/StartSession.php(64): Illuminate\\Session\\Middleware\\StartSession->handleStatefulRequest(Object(Illuminate\\Http\\Request), Object(Illuminate\\Session\\Store), Object(Closure))
#78 /home/pgutrunc/app.parabol.truncgil.com/vendor/laravel/framework/src/Illuminate/Pipeline/Pipeline.php(167): Illuminate\\Session\\Middleware\\StartSession->handle(Object(Illuminate\\Http\\Request), Object(Closure))
#79 /home/pgutrunc/app.parabol.truncgil.com/vendor/laravel/framework/src/Illuminate/Cookie/Middleware/AddQueuedCookiesToResponse.php(37): Illuminate\\Pipeline\\Pipeline->Illuminate\\Pipeline\\{closure}(Object(Illuminate\\Http\\Request))
#80 /home/pgutrunc/app.parabol.truncgil.com/vendor/laravel/framework/src/Illuminate/Pipeline/Pipeline.php(167): Illuminate\\Cookie\\Middleware\\AddQueuedCookiesToResponse->handle(Object(Illuminate\\Http\\Request), Object(Closure))
#81 /home/pgutrunc/app.parabol.truncgil.com/vendor/laravel/framework/src/Illuminate/Cookie/Middleware/EncryptCookies.php(67): Illuminate\\Pipeline\\Pipeline->Illuminate\\Pipeline\\{closure}(Object(Illuminate\\Http\\Request))
#82 /home/pgutrunc/app.parabol.truncgil.com/vendor/laravel/framework/src/Illuminate/Pipeline/Pipeline.php(167): Illuminate\\Cookie\\Middleware\\EncryptCookies->handle(Object(Illuminate\\Http\\Request), Object(Closure))
#83 /home/pgutrunc/app.parabol.truncgil.com/vendor/laravel/framework/src/Illuminate/Pipeline/Pipeline.php(103): Illuminate\\Pipeline\\Pipeline->Illuminate\\Pipeline\\{closure}(Object(Illuminate\\Http\\Request))
#84 /home/pgutrunc/app.parabol.truncgil.com/vendor/laravel/framework/src/Illuminate/Routing/Router.php(697): Illuminate\\Pipeline\\Pipeline->then(Object(Closure))
#85 /home/pgutrunc/app.parabol.truncgil.com/vendor/laravel/framework/src/Illuminate/Routing/Router.php(672): Illuminate\\Routing\\Router->runRouteWithinStack(Object(Illuminate\\Routing\\Route), Object(Illuminate\\Http\\Request))
#86 /home/pgutrunc/app.parabol.truncgil.com/vendor/laravel/framework/src/Illuminate/Routing/Router.php(636): Illuminate\\Routing\\Router->runRoute(Object(Illuminate\\Http\\Request), Object(Illuminate\\Routing\\Route))
#87 /home/pgutrunc/app.parabol.truncgil.com/vendor/laravel/framework/src/Illuminate/Routing/Router.php(625): Illuminate\\Routing\\Router->dispatchToRoute(Object(Illuminate\\Http\\Request))
#88 /home/pgutrunc/app.parabol.truncgil.com/vendor/laravel/framework/src/Illuminate/Foundation/Http/Kernel.php(166): Illuminate\\Routing\\Router->dispatch(Object(Illuminate\\Http\\Request))
#89 /home/pgutrunc/app.parabol.truncgil.com/vendor/laravel/framework/src/Illuminate/Pipeline/Pipeline.php(128): Illuminate\\Foundation\\Http\\Kernel->Illuminate\\Foundation\\Http\\{closure}(Object(Illuminate\\Http\\Request))
#90 /home/pgutrunc/app.parabol.truncgil.com/vendor/barryvdh/laravel-debugbar/src/Middleware/InjectDebugbar.php(60): Illuminate\\Pipeline\\Pipeline->Illuminate\\Pipeline\\{closure}(Object(Illuminate\\Http\\Request))
#91 /home/pgutrunc/app.parabol.truncgil.com/vendor/laravel/framework/src/Illuminate/Pipeline/Pipeline.php(167): Barryvdh\\Debugbar\\Middleware\\InjectDebugbar->handle(Object(Illuminate\\Http\\Request), Object(Closure))
#92 /home/pgutrunc/app.parabol.truncgil.com/vendor/laravel/framework/src/Illuminate/Foundation/Http/Middleware/TransformsRequest.php(21): Illuminate\\Pipeline\\Pipeline->Illuminate\\Pipeline\\{closure}(Object(Illuminate\\Http\\Request))
#93 /home/pgutrunc/app.parabol.truncgil.com/vendor/laravel/framework/src/Illuminate/Foundation/Http/Middleware/ConvertEmptyStringsToNull.php(31): Illuminate\\Foundation\\Http\\Middleware\\TransformsRequest->handle(Object(Illuminate\\Http\\Request), Object(Closure))
#94 /home/pgutrunc/app.parabol.truncgil.com/vendor/laravel/framework/src/Illuminate/Pipeline/Pipeline.php(167): Illuminate\\Foundation\\Http\\Middleware\\ConvertEmptyStringsToNull->handle(Object(Illuminate\\Http\\Request), Object(Closure))
#95 /home/pgutrunc/app.parabol.truncgil.com/vendor/laravel/framework/src/Illuminate/Foundation/Http/Middleware/TransformsRequest.php(21): Illuminate\\Pipeline\\Pipeline->Illuminate\\Pipeline\\{closure}(Object(Illuminate\\Http\\Request))
#96 /home/pgutrunc/app.parabol.truncgil.com/vendor/laravel/framework/src/Illuminate/Foundation/Http/Middleware/TrimStrings.php(40): Illuminate\\Foundation\\Http\\Middleware\\TransformsRequest->handle(Object(Illuminate\\Http\\Request), Object(Closure))
#97 /home/pgutrunc/app.parabol.truncgil.com/vendor/laravel/framework/src/Illuminate/Pipeline/Pipeline.php(167): Illuminate\\Foundation\\Http\\Middleware\\TrimStrings->handle(Object(Illuminate\\Http\\Request), Object(Closure))
#98 /home/pgutrunc/app.parabol.truncgil.com/vendor/laravel/framework/src/Illuminate/Foundation/Http/Middleware/ValidatePostSize.php(27): Illuminate\\Pipeline\\Pipeline->Illuminate\\Pipeline\\{closure}(Object(Illuminate\\Http\\Request))
#99 /home/pgutrunc/app.parabol.truncgil.com/vendor/laravel/framework/src/Illuminate/Pipeline/Pipeline.php(167): Illuminate\\Foundation\\Http\\Middleware\\ValidatePostSize->handle(Object(Illuminate\\Http\\Request), Object(Closure))
#100 /home/pgutrunc/app.parabol.truncgil.com/vendor/laravel/framework/src/Illuminate/Foundation/Http/Middleware/PreventRequestsDuringMaintenance.php(86): Illuminate\\Pipeline\\Pipeline->Illuminate\\Pipeline\\{closure}(Object(Illuminate\\Http\\Request))
#101 /home/pgutrunc/app.parabol.truncgil.com/vendor/laravel/framework/src/Illuminate/Pipeline/Pipeline.php(167): Illuminate\\Foundation\\Http\\Middleware\\PreventRequestsDuringMaintenance->handle(Object(Illuminate\\Http\\Request), Object(Closure))
#102 /home/pgutrunc/app.parabol.truncgil.com/vendor/fruitcake/laravel-cors/src/HandleCors.php(38): Illuminate\\Pipeline\\Pipeline->Illuminate\\Pipeline\\{closure}(Object(Illuminate\\Http\\Request))
#103 /home/pgutrunc/app.parabol.truncgil.com/vendor/laravel/framework/src/Illuminate/Pipeline/Pipeline.php(167): Fruitcake\\Cors\\HandleCors->handle(Object(Illuminate\\Http\\Request), Object(Closure))
#104 /home/pgutrunc/app.parabol.truncgil.com/vendor/fideloper/proxy/src/TrustProxies.php(57): Illuminate\\Pipeline\\Pipeline->Illuminate\\Pipeline\\{closure}(Object(Illuminate\\Http\\Request))
#105 /home/pgutrunc/app.parabol.truncgil.com/vendor/laravel/framework/src/Illuminate/Pipeline/Pipeline.php(167): Fideloper\\Proxy\\TrustProxies->handle(Object(Illuminate\\Http\\Request), Object(Closure))
#106 /home/pgutrunc/app.parabol.truncgil.com/vendor/laravel/framework/src/Illuminate/Http/Middleware/TrustHosts.php(48): Illuminate\\Pipeline\\Pipeline->Illuminate\\Pipeline\\{closure}(Object(Illuminate\\Http\\Request))
#107 /home/pgutrunc/app.parabol.truncgil.com/vendor/laravel/framework/src/Illuminate/Pipeline/Pipeline.php(167): Illuminate\\Http\\Middleware\\TrustHosts->handle(Object(Illuminate\\Http\\Request), Object(Closure))
#108 /home/pgutrunc/app.parabol.truncgil.com/vendor/dingo/api/src/Http/Middleware/Request.php(111): Illuminate\\Pipeline\\Pipeline->Illuminate\\Pipeline\\{closure}(Object(Illuminate\\Http\\Request))
#109 /home/pgutrunc/app.parabol.truncgil.com/vendor/laravel/framework/src/Illuminate/Pipeline/Pipeline.php(167): Dingo\\Api\\Http\\Middleware\\Request->handle(Object(Illuminate\\Http\\Request), Object(Closure))
#110 /home/pgutrunc/app.parabol.truncgil.com/vendor/laravel/framework/src/Illuminate/Pipeline/Pipeline.php(103): Illuminate\\Pipeline\\Pipeline->Illuminate\\Pipeline\\{closure}(Object(Illuminate\\Http\\Request))
#111 /home/pgutrunc/app.parabol.truncgil.com/vendor/laravel/framework/src/Illuminate/Foundation/Http/Kernel.php(141): Illuminate\\Pipeline\\Pipeline->then(Object(Closure))
#112 /home/pgutrunc/app.parabol.truncgil.com/vendor/laravel/framework/src/Illuminate/Foundation/Http/Kernel.php(110): Illuminate\\Foundation\\Http\\Kernel->sendRequestThroughRouter(Object(Illuminate\\Http\\Request))
#113 /home/pgutrunc/app.parabol.truncgil.com/index.php(21): Illuminate\\Foundation\\Http\\Kernel->handle(Object(Illuminate\\Http\\Request))
#114 {main}

[previous exception] [object] (PDOException(code: 23000): SQLSTATE[23000]: Integrity constraint violation: 1052 Column 'id' in order clause is ambiguous at /home/pgutrunc/app.parabol.truncgil.com/vendor/laravel/framework/src/Illuminate/Database/Connection.php:352)
[stacktrace]
#0 /home/pgutrunc/app.parabol.truncgil.com/vendor/laravel/framework/src/Illuminate/Database/Connection.php(352): PDO->prepare('select `prb_pla...')
#1 /home/pgutrunc/app.parabol.truncgil.com/vendor/laravel/framework/src/Illuminate/Database/Connection.php(685): Illuminate\\Database\\Connection->Illuminate\\Database\\{closure}('select `prb_pla...', Array)
#2 /home/pgutrunc/app.parabol.truncgil.com/vendor/laravel/framework/src/Illuminate/Database/Connection.php(652): Illuminate\\Database\\Connection->runQueryCallback('select `prb_pla...', Array, Object(Closure))
#3 /home/pgutrunc/app.parabol.truncgil.com/vendor/laravel/framework/src/Illuminate/Database/Connection.php(360): Illuminate\\Database\\Connection->run('select `prb_pla...', Array, Object(Closure))
#4 /home/pgutrunc/app.parabol.truncgil.com/vendor/laravel/framework/src/Illuminate/Database/Query/Builder.php(2350): Illuminate\\Database\\Connection->select('select `prb_pla...', Array, true)
#5 /home/pgutrunc/app.parabol.truncgil.com/vendor/laravel/framework/src/Illuminate/Database/Query/Builder.php(2338): Illuminate\\Database\\Query\\Builder->runSelect()
#6 /home/pgutrunc/app.parabol.truncgil.com/vendor/laravel/framework/src/Illuminate/Database/Query/Builder.php(2872): Illuminate\\Database\\Query\\Builder->Illuminate\\Database\\Query\\{closure}()
#7 /home/pgutrunc/app.parabol.truncgil.com/vendor/laravel/framework/src/Illuminate/Database/Query/Builder.php(2339): Illuminate\\Database\\Query\\Builder->onceWithColumns(Array, Object(Closure))
#8 /home/pgutrunc/app.parabol.truncgil.com/storage/framework/views/79376691696a556c743585d225d1dc5ae1b44af9.php(45): Illuminate\\Database\\Query\\Builder->get()
#9 /home/pgutrunc/app.parabol.truncgil.com/vendor/laravel/framework/src/Illuminate/Filesystem/Filesystem.php(107): require('/home/pgutrunc/...')
#10 /home/pgutrunc/app.parabol.truncgil.com/vendor/laravel/framework/src/Illuminate/Filesystem/Filesystem.php(108): Illuminate\\Filesystem\\Filesystem::Illuminate\\Filesystem\\{closure}()
#11 /home/pgutrunc/app.parabol.truncgil.com/vendor/laravel/framework/src/Illuminate/View/Engines/PhpEngine.php(58): Illuminate\\Filesystem\\Filesystem->getRequire('/home/pgutrunc/...', Array)
#12 /home/pgutrunc/app.parabol.truncgil.com/vendor/livewire/livewire/src/ComponentConcerns/RendersLivewireComponents.php(37): Illuminate\\View\\Engines\\PhpEngine->evaluatePath('/home/pgutrunc/...', Array)
#13 /home/pgutrunc/app.parabol.truncgil.com/vendor/laravel/framework/src/Illuminate/View/Engines/CompilerEngine.php(61): Livewire\\LivewireViewCompilerEngine->evaluatePath('/home/pgutrunc/...', Array)
#14 /home/pgutrunc/app.parabol.truncgil.com/vendor/laravel/framework/src/Illuminate/View/View.php(139): Illuminate\\View\\Engines\\CompilerEngine->get('/home/pgutrunc/...', Array)
#15 /home/pgutrunc/app.parabol.truncgil.com/vendor/laravel/framework/src/Illuminate/View/View.php(122): Illuminate\\View\\View->getContents()
#16 /home/pgutrunc/app.parabol.truncgil.com/vendor/laravel/framework/src/Illuminate/View/View.php(91): Illuminate\\View\\View->renderContents()
#17 /home/pgutrunc/app.parabol.truncgil.com/storage/framework/views/0df24477d992403298e4d32bf924cb81d3759fae.php(8): Illuminate\\View\\View->render()
#18 /home/pgutrunc/app.parabol.truncgil.com/vendor/laravel/framework/src/Illuminate/Filesystem/Filesystem.php(107): require('/home/pgutrunc/...')
#19 /home/pgutrunc/app.parabol.truncgil.com/vendor/laravel/framework/src/Illuminate/Filesystem/Filesystem.php(108): Illuminate\\Filesystem\\Filesystem::Illuminate\\Filesystem\\{closure}()
#20 /home/pgutrunc/app.parabol.truncgil.com/vendor/laravel/framework/src/Illuminate/View/Engines/PhpEngine.php(58): Illuminate\\Filesystem\\Filesystem->getRequire('/home/pgutrunc/...', Array)
#21 /home/pgutrunc/app.parabol.truncgil.com/vendor/livewire/livewire/src/ComponentConcerns/RendersLivewireComponents.php(37): Illuminate\\View\\Engines\\PhpEngine->evaluatePath('/home/pgutrunc/...', Array)
#22 /home/pgutrunc/app.parabol.truncgil.com/vendor/laravel/framework/src/Illuminate/View/Engines/CompilerEngine.php(61): Livewire\\LivewireViewCompilerEngine->evaluatePath('/home/pgutrunc/...', Array)
#23 /home/pgutrunc/app.parabol.truncgil.com/vendor/laravel/framework/src/Illuminate/View/View.php(139): Illuminate\\View\\Engines\\CompilerEngine->get('/home/pgutrunc/...', Array)
#24 /home/pgutrunc/app.parabol.truncgil.com/vendor/laravel/framework/src/Illuminate/View/View.php(122): Illuminate\\View\\View->getContents()
#25 /home/pgutrunc/app.parabol.truncgil.com/vendor/laravel/framework/src/Illuminate/View/View.php(91): Illuminate\\View\\View->renderContents()
#26 /home/pgutrunc/app.parabol.truncgil.com/vendor/laravel/framework/src/Illuminate/Http/Response.php(69): Illuminate\\View\\View->render()
#27 /home/pgutrunc/app.parabol.truncgil.com/vendor/laravel/framework/src/Illuminate/Http/Response.php(35): Illuminate\\Http\\Response->setContent(Object(Illuminate\\View\\View))
#28 /home/pgutrunc/app.parabol.truncgil.com/vendor/laravel/framework/src/Illuminate/Routing/Router.php(794): Illuminate\\Http\\Response->__construct(Object(Illuminate\\View\\View), 200, Array)
#29 /home/pgutrunc/app.parabol.truncgil.com/vendor/laravel/framework/src/Illuminate/Routing/Router.php(763): Illuminate\\Routing\\Router::toResponse(Object(Illuminate\\Http\\Request), Object(Illuminate\\View\\View))
#30 /home/pgutrunc/app.parabol.truncgil.com/vendor/laravel/framework/src/Illuminate/Routing/Router.php(695): Illuminate\\Routing\\Router->prepareResponse(Object(Illuminate\\Http\\Request), Object(Illuminate\\View\\View))
#31 /home/pgutrunc/app.parabol.truncgil.com/vendor/laravel/framework/src/Illuminate/Pipeline/Pipeline.php(128): Illuminate\\Routing\\Router->Illuminate\\Routing\\{closure}(Object(Illuminate\\Http\\Request))
#32 /home/pgutrunc/app.parabol.truncgil.com/vendor/santigarcor/laratrust/src/Middleware/LaratrustPermission.php(25): Illuminate\\Pipeline\\Pipeline->Illuminate\\Pipeline\\{closure}(Object(Illuminate\\Http\\Request))
#33 /home/pgutrunc/app.parabol.truncgil.com/vendor/laravel/framework/src/Illuminate/Pipeline/Pipeline.php(167): Laratrust\\Middleware\\LaratrustPermission->handle(Object(Illuminate\\Http\\Request), Object(Closure), 'read-admin-pane...')
#34 /home/pgutrunc/app.parabol.truncgil.com/app/Http/Middleware/AdminMenu.php(30): Illuminate\\Pipeline\\Pipeline->Illuminate\\Pipeline\\{closure}(Object(Illuminate\\Http\\Request))
#35 /home/pgutrunc/app.parabol.truncgil.com/vendor/laravel/framework/src/Illuminate/Pipeline/Pipeline.php(167): App\\Http\\Middleware\\AdminMenu->handle(Object(Illuminate\\Http\\Request), Object(Closure))
#36 /home/pgutrunc/app.parabol.truncgil.com/app/Http/Middleware/RedirectIfWizardNotCompleted.php(20): Illuminate\\Pipeline\\Pipeline->Illuminate\\Pipeline\\{closure}(Object(Illuminate\\Http\\Request))
#37 /home/pgutrunc/app.parabol.truncgil.com/vendor/laravel/framework/src/Illuminate/Pipeline/Pipeline.php(167): App\\Http\\Middleware\\RedirectIfWizardNotCompleted->handle(Object(Illuminate\\Http\\Request), Object(Closure))
#38 /home/pgutrunc/app.parabol.truncgil.com/vendor/laravel/framework/src/Illuminate/Routing/Middleware/SubstituteBindings.php(50): Illuminate\\Pipeline\\Pipeline->Illuminate\\Pipeline\\{closure}(Object(Illuminate\\Http\\Request))
#39 /home/pgutrunc/app.parabol.truncgil.com/vendor/laravel/framework/src/Illuminate/Pipeline/Pipeline.php(167): Illuminate\\Routing\\Middleware\\SubstituteBindings->handle(Object(Illuminate\\Http\\Request), Object(Closure))
#40 /home/pgutrunc/app.parabol.truncgil.com/app/Http/Middleware/IdentifyCompany.php(48): Illuminate\\Pipeline\\Pipeline->Illuminate\\Pipeline\\{closure}(Object(Illuminate\\Http\\Request))
#41 /home/pgutrunc/app.parabol.truncgil.com/vendor/laravel/framework/src/Illuminate/Pipeline/Pipeline.php(167): App\\Http\\Middleware\\IdentifyCompany->handle(Object(Illuminate\\Http\\Request), Object(Closure))
#42 /home/pgutrunc/app.parabol.truncgil.com/app/Http/Middleware/LogoutIfUserDisabled.php(21): Illuminate\\Pipeline\\Pipeline->Illuminate\\Pipeline\\{closure}(Object(Illuminate\\Http\\Request))
#43 /home/pgutrunc/app.parabol.truncgil.com/vendor/laravel/framework/src/Illuminate/Pipeline/Pipeline.php(167): App\\Http\\Middleware\\LogoutIfUserDisabled->handle(Object(Illuminate\\Http\\Request), Object(Closure))
#44 /home/pgutrunc/app.parabol.truncgil.com/vendor/laravel/framework/src/Illuminate/Auth/Middleware/Authenticate.php(44): Illuminate\\Pipeline\\Pipeline->Illuminate\\Pipeline\\{closure}(Object(Illuminate\\Http\\Request))
#45 /home/pgutrunc/app.parabol.truncgil.com/vendor/laravel/framework/src/Illuminate/Pipeline/Pipeline.php(167): Illuminate\\Auth\\Middleware\\Authenticate->handle(Object(Illuminate\\Http\\Request), Object(Closure))
#46 /home/pgutrunc/app.parabol.truncgil.com/vendor/akaunting/laravel-firewall/src/Abstracts/Middleware.php(29): Illuminate\\Pipeline\\Pipeline->Illuminate\\Pipeline\\{closure}(Object(Illuminate\\Http\\Request))
#47 /home/pgutrunc/app.parabol.truncgil.com/vendor/laravel/framework/src/Illuminate/Pipeline/Pipeline.php(167): Akaunting\\Firewall\\Abstracts\\Middleware->handle(Object(Illuminate\\Http\\Request), Object(Closure))
#48 /home/pgutrunc/app.parabol.truncgil.com/vendor/akaunting/laravel-firewall/src/Abstracts/Middleware.php(29): Illuminate\\Pipeline\\Pipeline->Illuminate\\Pipeline\\{closure}(Object(Illuminate\\Http\\Request))
#49 /home/pgutrunc/app.parabol.truncgil.com/vendor/laravel/framework/src/Illuminate/Pipeline/Pipeline.php(167): Akaunting\\Firewall\\Abstracts\\Middleware->handle(Object(Illuminate\\Http\\Request), Object(Closure))
#50 /home/pgutrunc/app.parabol.truncgil.com/vendor/akaunting/laravel-firewall/src/Abstracts/Middleware.php(36): Illuminate\\Pipeline\\Pipeline->Illuminate\\Pipeline\\{closure}(Object(Illuminate\\Http\\Request))
#51 /home/pgutrunc/app.parabol.truncgil.com/vendor/laravel/framework/src/Illuminate/Pipeline/Pipeline.php(167): Akaunting\\Firewall\\Abstracts\\Middleware->handle(Object(Illuminate\\Http\\Request), Object(Closure))
#52 /home/pgutrunc/app.parabol.truncgil.com/vendor/akaunting/laravel-firewall/src/Abstracts/Middleware.php(36): Illuminate\\Pipeline\\Pipeline->Illuminate\\Pipeline\\{closure}(Object(Illuminate\\Http\\Request))
#53 /home/pgutrunc/app.parabol.truncgil.com/vendor/laravel/framework/src/Illuminate/Pipeline/Pipeline.php(167): Akaunting\\Firewall\\Abstracts\\Middleware->handle(Object(Illuminate\\Http\\Request), Object(Closure))
#54 /home/pgutrunc/app.parabol.truncgil.com/vendor/akaunting/laravel-firewall/src/Abstracts/Middleware.php(36): Illuminate\\Pipeline\\Pipeline->Illuminate\\Pipeline\\{closure}(Object(Illuminate\\Http\\Request))
#55 /home/pgutrunc/app.parabol.truncgil.com/vendor/laravel/framework/src/Illuminate/Pipeline/Pipeline.php(167): Akaunting\\Firewall\\Abstracts\\Middleware->handle(Object(Illuminate\\Http\\Request), Object(Closure))
#56 /home/pgutrunc/app.parabol.truncgil.com/vendor/akaunting/laravel-firewall/src/Abstracts/Middleware.php(36): Illuminate\\Pipeline\\Pipeline->Illuminate\\Pipeline\\{closure}(Object(Illuminate\\Http\\Request))
#57 /home/pgutrunc/app.parabol.truncgil.com/vendor/laravel/framework/src/Illuminate/Pipeline/Pipeline.php(167): Akaunting\\Firewall\\Abstracts\\Middleware->handle(Object(Illuminate\\Http\\Request), Object(Closure))
#58 /home/pgutrunc/app.parabol.truncgil.com/vendor/akaunting/laravel-firewall/src/Abstracts/Middleware.php(36): Illuminate\\Pipeline\\Pipeline->Illuminate\\Pipeline\\{closure}(Object(Illuminate\\Http\\Request))
#59 /home/pgutrunc/app.parabol.truncgil.com/vendor/laravel/framework/src/Illuminate/Pipeline/Pipeline.php(167): Akaunting\\Firewall\\Abstracts\\Middleware->handle(Object(Illuminate\\Http\\Request), Object(Closure))
#60 /home/pgutrunc/app.parabol.truncgil.com/vendor/akaunting/laravel-firewall/src/Abstracts/Middleware.php(36): Illuminate\\Pipeline\\Pipeline->Illuminate\\Pipeline\\{closure}(Object(Illuminate\\Http\\Request))
#61 /home/pgutrunc/app.parabol.truncgil.com/vendor/laravel/framework/src/Illuminate/Pipeline/Pipeline.php(167): Akaunting\\Firewall\\Abstracts\\Middleware->handle(Object(Illuminate\\Http\\Request), Object(Closure))
#62 /home/pgutrunc/app.parabol.truncgil.com/vendor/akaunting/laravel-firewall/src/Abstracts/Middleware.php(36): Illuminate\\Pipeline\\Pipeline->Illuminate\\Pipeline\\{closure}(Object(Illuminate\\Http\\Request))
#63 /home/pgutrunc/app.parabol.truncgil.com/vendor/laravel/framework/src/Illuminate/Pipeline/Pipeline.php(167): Akaunting\\Firewall\\Abstracts\\Middleware->handle(Object(Illuminate\\Http\\Request), Object(Closure))
#64 /home/pgutrunc/app.parabol.truncgil.com/vendor/akaunting/laravel-firewall/src/Abstracts/Middleware.php(36): Illuminate\\Pipeline\\Pipeline->Illuminate\\Pipeline\\{closure}(Object(Illuminate\\Http\\Request))
#65 /home/pgutrunc/app.parabol.truncgil.com/vendor/laravel/framework/src/Illuminate/Pipeline/Pipeline.php(167): Akaunting\\Firewall\\Abstracts\\Middleware->handle(Object(Illuminate\\Http\\Request), Object(Closure))
#66 /home/pgutrunc/app.parabol.truncgil.com/vendor/akaunting/laravel-firewall/src/Abstracts/Middleware.php(36): Illuminate\\Pipeline\\Pipeline->Illuminate\\Pipeline\\{closure}(Object(Illuminate\\Http\\Request))
#67 /home/pgutrunc/app.parabol.truncgil.com/vendor/laravel/framework/src/Illuminate/Pipeline/Pipeline.php(167): Akaunting\\Firewall\\Abstracts\\Middleware->handle(Object(Illuminate\\Http\\Request), Object(Closure))
#68 /home/pgutrunc/app.parabol.truncgil.com/vendor/akaunting/laravel-language/src/Middleware/SetLocale.php(95): Illuminate\\Pipeline\\Pipeline->Illuminate\\Pipeline\\{closure}(Object(Illuminate\\Http\\Request))
#69 /home/pgutrunc/app.parabol.truncgil.com/vendor/laravel/framework/src/Illuminate/Pipeline/Pipeline.php(167): Akaunting\\Language\\Middleware\\SetLocale->handle(Object(Illuminate\\Http\\Request), Object(Closure))
#70 /home/pgutrunc/app.parabol.truncgil.com/app/Http/Middleware/AddXHeader.php(18): Illuminate\\Pipeline\\Pipeline->Illuminate\\Pipeline\\{closure}(Object(Illuminate\\Http\\Request))
#71 /home/pgutrunc/app.parabol.truncgil.com/vendor/laravel/framework/src/Illuminate/Pipeline/Pipeline.php(167): App\\Http\\Middleware\\AddXHeader->handle(Object(Illuminate\\Http\\Request), Object(Closure))
#72 /home/pgutrunc/app.parabol.truncgil.com/app/Http/Middleware/RedirectIfNotInstalled.php(20): Illuminate\\Pipeline\\Pipeline->Illuminate\\Pipeline\\{closure}(Object(Illuminate\\Http\\Request))
#73 /home/pgutrunc/app.parabol.truncgil.com/vendor/laravel/framework/src/Illuminate/Pipeline/Pipeline.php(167): App\\Http\\Middleware\\RedirectIfNotInstalled->handle(Object(Illuminate\\Http\\Request), Object(Closure))
#74 /home/pgutrunc/app.parabol.truncgil.com/vendor/laravel/framework/src/Illuminate/Foundation/Http/Middleware/VerifyCsrfToken.php(78): Illuminate\\Pipeline\\Pipeline->Illuminate\\Pipeline\\{closure}(Object(Illuminate\\Http\\Request))
#75 /home/pgutrunc/app.parabol.truncgil.com/vendor/laravel/framework/src/Illuminate/Pipeline/Pipeline.php(167): Illuminate\\Foundation\\Http\\Middleware\\VerifyCsrfToken->handle(Object(Illuminate\\Http\\Request), Object(Closure))
#76 /home/pgutrunc/app.parabol.truncgil.com/vendor/laravel/framework/src/Illuminate/View/Middleware/ShareErrorsFromSession.php(49): Illuminate\\Pipeline\\Pipeline->Illuminate\\Pipeline\\{closure}(Object(Illuminate\\Http\\Request))
#77 /home/pgutrunc/app.parabol.truncgil.com/vendor/laravel/framework/src/Illuminate/Pipeline/Pipeline.php(167): Illuminate\\View\\Middleware\\ShareErrorsFromSession->handle(Object(Illuminate\\Http\\Request), Object(Closure))
#78 /home/pgutrunc/app.parabol.truncgil.com/vendor/laravel/framework/src/Illuminate/Session/Middleware/StartSession.php(121): Illuminate\\Pipeline\\Pipeline->Illuminate\\Pipeline\\{closure}(Object(Illuminate\\Http\\Request))
#79 /home/pgutrunc/app.parabol.truncgil.com/vendor/laravel/framework/src/Illuminate/Session/Middleware/StartSession.php(64): Illuminate\\Session\\Middleware\\StartSession->handleStatefulRequest(Object(Illuminate\\Http\\Request), Object(Illuminate\\Session\\Store), Object(Closure))
#80 /home/pgutrunc/app.parabol.truncgil.com/vendor/laravel/framework/src/Illuminate/Pipeline/Pipeline.php(167): Illuminate\\Session\\Middleware\\StartSession->handle(Object(Illuminate\\Http\\Request), Object(Closure))
#81 /home/pgutrunc/app.parabol.truncgil.com/vendor/laravel/framework/src/Illuminate/Cookie/Middleware/AddQueuedCookiesToResponse.php(37): Illuminate\\Pipeline\\Pipeline->Illuminate\\Pipeline\\{closure}(Object(Illuminate\\Http\\Request))
#82 /home/pgutrunc/app.parabol.truncgil.com/vendor/laravel/framework/src/Illuminate/Pipeline/Pipeline.php(167): Illuminate\\Cookie\\Middleware\\AddQueuedCookiesToResponse->handle(Object(Illuminate\\Http\\Request), Object(Closure))
#83 /home/pgutrunc/app.parabol.truncgil.com/vendor/laravel/framework/src/Illuminate/Cookie/Middleware/EncryptCookies.php(67): Illuminate\\Pipeline\\Pipeline->Illuminate\\Pipeline\\{closure}(Object(Illuminate\\Http\\Request))
#84 /home/pgutrunc/app.parabol.truncgil.com/vendor/laravel/framework/src/Illuminate/Pipeline/Pipeline.php(167): Illuminate\\Cookie\\Middleware\\EncryptCookies->handle(Object(Illuminate\\Http\\Request), Object(Closure))
#85 /home/pgutrunc/app.parabol.truncgil.com/vendor/laravel/framework/src/Illuminate/Pipeline/Pipeline.php(103): Illuminate\\Pipeline\\Pipeline->Illuminate\\Pipeline\\{closure}(Object(Illuminate\\Http\\Request))
#86 /home/pgutrunc/app.parabol.truncgil.com/vendor/laravel/framework/src/Illuminate/Routing/Router.php(697): Illuminate\\Pipeline\\Pipeline->then(Object(Closure))
#87 /home/pgutrunc/app.parabol.truncgil.com/vendor/laravel/framework/src/Illuminate/Routing/Router.php(672): Illuminate\\Routing\\Router->runRouteWithinStack(Object(Illuminate\\Routing\\Route), Object(Illuminate\\Http\\Request))
#88 /home/pgutrunc/app.parabol.truncgil.com/vendor/laravel/framework/src/Illuminate/Routing/Router.php(636): Illuminate\\Routing\\Router->runRoute(Object(Illuminate\\Http\\Request), Object(Illuminate\\Routing\\Route))
#89 /home/pgutrunc/app.parabol.truncgil.com/vendor/laravel/framework/src/Illuminate/Routing/Router.php(625): Illuminate\\Routing\\Router->dispatchToRoute(Object(Illuminate\\Http\\Request))
#90 /home/pgutrunc/app.parabol.truncgil.com/vendor/laravel/framework/src/Illuminate/Foundation/Http/Kernel.php(166): Illuminate\\Routing\\Router->dispatch(Object(Illuminate\\Http\\Request))
#91 /home/pgutrunc/app.parabol.truncgil.com/vendor/laravel/framework/src/Illuminate/Pipeline/Pipeline.php(128): Illuminate\\Foundation\\Http\\Kernel->Illuminate\\Foundation\\Http\\{closure}(Object(Illuminate\\Http\\Request))
#92 /home/pgutrunc/app.parabol.truncgil.com/vendor/barryvdh/laravel-debugbar/src/Middleware/InjectDebugbar.php(60): Illuminate\\Pipeline\\Pipeline->Illuminate\\Pipeline\\{closure}(Object(Illuminate\\Http\\Request))
#93 /home/pgutrunc/app.parabol.truncgil.com/vendor/laravel/framework/src/Illuminate/Pipeline/Pipeline.php(167): Barryvdh\\Debugbar\\Middleware\\InjectDebugbar->handle(Object(Illuminate\\Http\\Request), Object(Closure))
#94 /home/pgutrunc/app.parabol.truncgil.com/vendor/laravel/framework/src/Illuminate/Foundation/Http/Middleware/TransformsRequest.php(21): Illuminate\\Pipeline\\Pipeline->Illuminate\\Pipeline\\{closure}(Object(Illuminate\\Http\\Request))
#95 /home/pgutrunc/app.parabol.truncgil.com/vendor/laravel/framework/src/Illuminate/Foundation/Http/Middleware/ConvertEmptyStringsToNull.php(31): Illuminate\\Foundation\\Http\\Middleware\\TransformsRequest->handle(Object(Illuminate\\Http\\Request), Object(Closure))
#96 /home/pgutrunc/app.parabol.truncgil.com/vendor/laravel/framework/src/Illuminate/Pipeline/Pipeline.php(167): Illuminate\\Foundation\\Http\\Middleware\\ConvertEmptyStringsToNull->handle(Object(Illuminate\\Http\\Request), Object(Closure))
#97 /home/pgutrunc/app.parabol.truncgil.com/vendor/laravel/framework/src/Illuminate/Foundation/Http/Middleware/TransformsRequest.php(21): Illuminate\\Pipeline\\Pipeline->Illuminate\\Pipeline\\{closure}(Object(Illuminate\\Http\\Request))
#98 /home/pgutrunc/app.parabol.truncgil.com/vendor/laravel/framework/src/Illuminate/Foundation/Http/Middleware/TrimStrings.php(40): Illuminate\\Foundation\\Http\\Middleware\\TransformsRequest->handle(Object(Illuminate\\Http\\Request), Object(Closure))
#99 /home/pgutrunc/app.parabol.truncgil.com/vendor/laravel/framework/src/Illuminate/Pipeline/Pipeline.php(167): Illuminate\\Foundation\\Http\\Middleware\\TrimStrings->handle(Object(Illuminate\\Http\\Request), Object(Closure))
#100 /home/pgutrunc/app.parabol.truncgil.com/vendor/laravel/framework/src/Illuminate/Foundation/Http/Middleware/ValidatePostSize.php(27): Illuminate\\Pipeline\\Pipeline->Illuminate\\Pipeline\\{closure}(Object(Illuminate\\Http\\Request))
#101 /home/pgutrunc/app.parabol.truncgil.com/vendor/laravel/framework/src/Illuminate/Pipeline/Pipeline.php(167): Illuminate\\Foundation\\Http\\Middleware\\ValidatePostSize->handle(Object(Illuminate\\Http\\Request), Object(Closure))
#102 /home/pgutrunc/app.parabol.truncgil.com/vendor/laravel/framework/src/Illuminate/Foundation/Http/Middleware/PreventRequestsDuringMaintenance.php(86): Illuminate\\Pipeline\\Pipeline->Illuminate\\Pipeline\\{closure}(Object(Illuminate\\Http\\Request))
#103 /home/pgutrunc/app.parabol.truncgil.com/vendor/laravel/framework/src/Illuminate/Pipeline/Pipeline.php(167): Illuminate\\Foundation\\Http\\Middleware\\PreventRequestsDuringMaintenance->handle(Object(Illuminate\\Http\\Request), Object(Closure))
#104 /home/pgutrunc/app.parabol.truncgil.com/vendor/fruitcake/laravel-cors/src/HandleCors.php(38): Illuminate\\Pipeline\\Pipeline->Illuminate\\Pipeline\\{closure}(Object(Illuminate\\Http\\Request))
#105 /home/pgutrunc/app.parabol.truncgil.com/vendor/laravel/framework/src/Illuminate/Pipeline/Pipeline.php(167): Fruitcake\\Cors\\HandleCors->handle(Object(Illuminate\\Http\\Request), Object(Closure))
#106 /home/pgutrunc/app.parabol.truncgil.com/vendor/fideloper/proxy/src/TrustProxies.php(57): Illuminate\\Pipeline\\Pipeline->Illuminate\\Pipeline\\{closure}(Object(Illuminate\\Http\\Request))
#107 /home/pgutrunc/app.parabol.truncgil.com/vendor/laravel/framework/src/Illuminate/Pipeline/Pipeline.php(167): Fideloper\\Proxy\\TrustProxies->handle(Object(Illuminate\\Http\\Request), Object(Closure))
#108 /home/pgutrunc/app.parabol.truncgil.com/vendor/laravel/framework/src/Illuminate/Http/Middleware/TrustHosts.php(48): Illuminate\\Pipeline\\Pipeline->Illuminate\\Pipeline\\{closure}(Object(Illuminate\\Http\\Request))
#109 /home/pgutrunc/app.parabol.truncgil.com/vendor/laravel/framework/src/Illuminate/Pipeline/Pipeline.php(167): Illuminate\\Http\\Middleware\\TrustHosts->handle(Object(Illuminate\\Http\\Request), Object(Closure))
#110 /home/pgutrunc/app.parabol.truncgil.com/vendor/dingo/api/src/Http/Middleware/Request.php(111): Illuminate\\Pipeline\\Pipeline->Illuminate\\Pipeline\\{closure}(Object(Illuminate\\Http\\Request))
#111 /home/pgutrunc/app.parabol.truncgil.com/vendor/laravel/framework/src/Illuminate/Pipeline/Pipeline.php(167): Dingo\\Api\\Http\\Middleware\\Request->handle(Object(Illuminate\\Http\\Request), Object(Closure))
#112 /home/pgutrunc/app.parabol.truncgil.com/vendor/laravel/framework/src/Illuminate/Pipeline/Pipeline.php(103): Illuminate\\Pipeline\\Pipeline->Illuminate\\Pipeline\\{closure}(Object(Illuminate\\Http\\Request))
#113 /home/pgutrunc/app.parabol.truncgil.com/vendor/laravel/framework/src/Illuminate/Foundation/Http/Kernel.php(141): Illuminate\\Pipeline\\Pipeline->then(Object(Closure))
#114 /home/pgutrunc/app.parabol.truncgil.com/vendor/laravel/framework/src/Illuminate/Foundation/Http/Kernel.php(110): Illuminate\\Foundation\\Http\\Kernel->sendRequestThroughRouter(Object(Illuminate\\Http\\Request))
#115 /home/pgutrunc/app.parabol.truncgil.com/index.php(21): Illuminate\\Foundation\\Http\\Kernel->handle(Object(Illuminate\\Http\\Request))
#116 {main}
"} 
